============================= test session starts ==============================
platform darwin -- Python 3.12.9, pytest-9.0.2, pluggy-1.6.0
rootdir: /Users/cooperd/Documents/Ai_code/knowledge_radar/knowledge_Live_radar/backend
configfile: pyproject.toml
plugins: hypothesis-6.151.6, asyncio-1.3.0, cov-7.0.0, anyio-4.9.0
asyncio: mode=Mode.AUTO, debug=False, asyncio_default_fixture_loop_scope=None, asyncio_default_test_loop_scope=function
collected 3 items / 2 deselected / 1 selected

tests/unit/test_snapshot_service.py 2026-02-14 11:57:10,903 [DEBUG] [asyncio] Using selector: KqueueSelector
2026-02-14 11:57:10,903 [DEBUG] [asyncio] Using selector: KqueueSelector
2026-02-14 11:57:10,904 [DEBUG] [aiosqlite] executing <function connect.<locals>.connector at 0x11e5144a0>
2026-02-14 11:57:10,904 [DEBUG] [aiosqlite] operation <function connect.<locals>.connector at 0x11e5144a0> completed
2026-02-14 11:57:10,904 [DEBUG] [aiosqlite] executing functools.partial(<built-in method create_function of sqlite3.Connection object at 0x11e51c5e0>, 'regexp', 2, <function SQLiteDialect_pysqlite.on_connect.<locals>.regexp at 0x11e509c60>, deterministic=True)
2026-02-14 11:57:10,905 [DEBUG] [aiosqlite] operation functools.partial(<built-in method create_function of sqlite3.Connection object at 0x11e51c5e0>, 'regexp', 2, <function SQLiteDialect_pysqlite.on_connect.<locals>.regexp at 0x11e509c60>, deterministic=True) completed
2026-02-14 11:57:10,905 [DEBUG] [aiosqlite] executing functools.partial(<built-in method create_function of sqlite3.Connection object at 0x11e51c5e0>, 'floor', 1, <built-in function floor>, deterministic=True)
2026-02-14 11:57:10,905 [DEBUG] [aiosqlite] operation functools.partial(<built-in method create_function of sqlite3.Connection object at 0x11e51c5e0>, 'floor', 1, <built-in function floor>, deterministic=True) completed
2026-02-14 11:57:10,905 [DEBUG] [aiosqlite] executing functools.partial(<built-in method cursor of sqlite3.Connection object at 0x11e51c5e0>)
2026-02-14 11:57:10,905 [DEBUG] [aiosqlite] operation functools.partial(<built-in method cursor of sqlite3.Connection object at 0x11e51c5e0>) completed
2026-02-14 11:57:10,905 [DEBUG] [aiosqlite] executing functools.partial(<built-in method execute of sqlite3.Cursor object at 0x11e4a3dc0>, 'PRAGMA read_uncommitted', [])
2026-02-14 11:57:10,905 [DEBUG] [aiosqlite] operation functools.partial(<built-in method execute of sqlite3.Cursor object at 0x11e4a3dc0>, 'PRAGMA read_uncommitted', []) completed
2026-02-14 11:57:10,905 [DEBUG] [aiosqlite] executing functools.partial(<built-in method fetchall of sqlite3.Cursor object at 0x11e4a3dc0>)
2026-02-14 11:57:10,905 [DEBUG] [aiosqlite] operation functools.partial(<built-in method fetchall of sqlite3.Cursor object at 0x11e4a3dc0>) completed
2026-02-14 11:57:10,905 [DEBUG] [aiosqlite] executing functools.partial(<built-in method close of sqlite3.Cursor object at 0x11e4a3dc0>)
2026-02-14 11:57:10,905 [DEBUG] [aiosqlite] operation functools.partial(<built-in method close of sqlite3.Cursor object at 0x11e4a3dc0>) completed
2026-02-14 11:57:10,905 [DEBUG] [aiosqlite] executing functools.partial(<built-in method rollback of sqlite3.Connection object at 0x11e51c5e0>)
2026-02-14 11:57:10,905 [DEBUG] [aiosqlite] operation functools.partial(<built-in method rollback of sqlite3.Connection object at 0x11e51c5e0>) completed
2026-02-14 11:57:10,905 [DEBUG] [aiosqlite] executing functools.partial(<built-in method cursor of sqlite3.Connection object at 0x11e51c5e0>)
2026-02-14 11:57:10,905 [DEBUG] [aiosqlite] operation functools.partial(<built-in method cursor of sqlite3.Connection object at 0x11e51c5e0>) completed
2026-02-14 11:57:10,905 [DEBUG] [aiosqlite] executing functools.partial(<built-in method execute of sqlite3.Cursor object at 0x11e49b4c0>, 'PRAGMA main.table_info("pyramids")', ())
2026-02-14 11:57:10,906 [DEBUG] [aiosqlite] operation functools.partial(<built-in method execute of sqlite3.Cursor object at 0x11e49b4c0>, 'PRAGMA main.table_info("pyramids")', ()) completed
2026-02-14 11:57:10,906 [DEBUG] [aiosqlite] executing functools.partial(<built-in method fetchall of sqlite3.Cursor object at 0x11e49b4c0>)
2026-02-14 11:57:10,906 [DEBUG] [aiosqlite] operation functools.partial(<built-in method fetchall of sqlite3.Cursor object at 0x11e49b4c0>) completed
2026-02-14 11:57:10,906 [DEBUG] [aiosqlite] executing functools.partial(<built-in method close of sqlite3.Cursor object at 0x11e49b4c0>)
2026-02-14 11:57:10,906 [DEBUG] [aiosqlite] operation functools.partial(<built-in method close of sqlite3.Cursor object at 0x11e49b4c0>) completed
2026-02-14 11:57:10,906 [DEBUG] [aiosqlite] executing functools.partial(<built-in method cursor of sqlite3.Connection object at 0x11e51c5e0>)
2026-02-14 11:57:10,906 [DEBUG] [aiosqlite] operation functools.partial(<built-in method cursor of sqlite3.Connection object at 0x11e51c5e0>) completed
2026-02-14 11:57:10,906 [DEBUG] [aiosqlite] executing functools.partial(<built-in method execute of sqlite3.Cursor object at 0x11e49bcc0>, 'PRAGMA temp.table_info("pyramids")', ())
2026-02-14 11:57:10,906 [DEBUG] [aiosqlite] operation functools.partial(<built-in method execute of sqlite3.Cursor object at 0x11e49bcc0>, 'PRAGMA temp.table_info("pyramids")', ()) completed
2026-02-14 11:57:10,906 [DEBUG] [aiosqlite] executing functools.partial(<built-in method fetchall of sqlite3.Cursor object at 0x11e49bcc0>)
2026-02-14 11:57:10,906 [DEBUG] [aiosqlite] operation functools.partial(<built-in method fetchall of sqlite3.Cursor object at 0x11e49bcc0>) completed
2026-02-14 11:57:10,906 [DEBUG] [aiosqlite] executing functools.partial(<built-in method close of sqlite3.Cursor object at 0x11e49bcc0>)
2026-02-14 11:57:10,906 [DEBUG] [aiosqlite] operation functools.partial(<built-in method close of sqlite3.Cursor object at 0x11e49bcc0>) completed
2026-02-14 11:57:10,906 [DEBUG] [aiosqlite] executing functools.partial(<built-in method cursor of sqlite3.Connection object at 0x11e51c5e0>)
2026-02-14 11:57:10,906 [DEBUG] [aiosqlite] operation functools.partial(<built-in method cursor of sqlite3.Connection object at 0x11e51c5e0>) completed
2026-02-14 11:57:10,906 [DEBUG] [aiosqlite] executing functools.partial(<built-in method execute of sqlite3.Cursor object at 0x11e4a0ac0>, 'PRAGMA main.table_info("pyramid_nodes")', ())
2026-02-14 11:57:10,906 [DEBUG] [aiosqlite] operation functools.partial(<built-in method execute of sqlite3.Cursor object at 0x11e4a0ac0>, 'PRAGMA main.table_info("pyramid_nodes")', ()) completed
2026-02-14 11:57:10,906 [DEBUG] [aiosqlite] executing functools.partial(<built-in method fetchall of sqlite3.Cursor object at 0x11e4a0ac0>)
2026-02-14 11:57:10,906 [DEBUG] [aiosqlite] operation functools.partial(<built-in method fetchall of sqlite3.Cursor object at 0x11e4a0ac0>) completed
2026-02-14 11:57:10,906 [DEBUG] [aiosqlite] executing functools.partial(<built-in method close of sqlite3.Cursor object at 0x11e4a0ac0>)
2026-02-14 11:57:10,906 [DEBUG] [aiosqlite] operation functools.partial(<built-in method close of sqlite3.Cursor object at 0x11e4a0ac0>) completed
2026-02-14 11:57:10,906 [DEBUG] [aiosqlite] executing functools.partial(<built-in method cursor of sqlite3.Connection object at 0x11e51c5e0>)
2026-02-14 11:57:10,907 [DEBUG] [aiosqlite] operation functools.partial(<built-in method cursor of sqlite3.Connection object at 0x11e51c5e0>) completed
2026-02-14 11:57:10,907 [DEBUG] [aiosqlite] executing functools.partial(<built-in method execute of sqlite3.Cursor object at 0x11e4a04c0>, 'PRAGMA temp.table_info("pyramid_nodes")', ())
2026-02-14 11:57:10,907 [DEBUG] [aiosqlite] operation functools.partial(<built-in method execute of sqlite3.Cursor object at 0x11e4a04c0>, 'PRAGMA temp.table_info("pyramid_nodes")', ()) completed
2026-02-14 11:57:10,907 [DEBUG] [aiosqlite] executing functools.partial(<built-in method fetchall of sqlite3.Cursor object at 0x11e4a04c0>)
2026-02-14 11:57:10,907 [DEBUG] [aiosqlite] operation functools.partial(<built-in method fetchall of sqlite3.Cursor object at 0x11e4a04c0>) completed
2026-02-14 11:57:10,907 [DEBUG] [aiosqlite] executing functools.partial(<built-in method close of sqlite3.Cursor object at 0x11e4a04c0>)
2026-02-14 11:57:10,907 [DEBUG] [aiosqlite] operation functools.partial(<built-in method close of sqlite3.Cursor object at 0x11e4a04c0>) completed
2026-02-14 11:57:10,907 [DEBUG] [aiosqlite] executing functools.partial(<built-in method cursor of sqlite3.Connection object at 0x11e51c5e0>)
2026-02-14 11:57:10,907 [DEBUG] [aiosqlite] operation functools.partial(<built-in method cursor of sqlite3.Connection object at 0x11e51c5e0>) completed
2026-02-14 11:57:10,907 [DEBUG] [aiosqlite] executing functools.partial(<built-in method execute of sqlite3.Cursor object at 0x11e4a2ac0>, 'PRAGMA main.table_info("node_relations")', ())
2026-02-14 11:57:10,907 [DEBUG] [aiosqlite] operation functools.partial(<built-in method execute of sqlite3.Cursor object at 0x11e4a2ac0>, 'PRAGMA main.table_info("node_relations")', ()) completed
2026-02-14 11:57:10,907 [DEBUG] [aiosqlite] executing functools.partial(<built-in method fetchall of sqlite3.Cursor object at 0x11e4a2ac0>)
2026-02-14 11:57:10,907 [DEBUG] [aiosqlite] operation functools.partial(<built-in method fetchall of sqlite3.Cursor object at 0x11e4a2ac0>) completed
2026-02-14 11:57:10,907 [DEBUG] [aiosqlite] executing functools.partial(<built-in method close of sqlite3.Cursor object at 0x11e4a2ac0>)
2026-02-14 11:57:10,907 [DEBUG] [aiosqlite] operation functools.partial(<built-in method close of sqlite3.Cursor object at 0x11e4a2ac0>) completed
2026-02-14 11:57:10,907 [DEBUG] [aiosqlite] executing functools.partial(<built-in method cursor of sqlite3.Connection object at 0x11e51c5e0>)
2026-02-14 11:57:10,907 [DEBUG] [aiosqlite] operation functools.partial(<built-in method cursor of sqlite3.Connection object at 0x11e51c5e0>) completed
2026-02-14 11:57:10,907 [DEBUG] [aiosqlite] executing functools.partial(<built-in method execute of sqlite3.Cursor object at 0x11e4a1dc0>, 'PRAGMA temp.table_info("node_relations")', ())
2026-02-14 11:57:10,907 [DEBUG] [aiosqlite] operation functools.partial(<built-in method execute of sqlite3.Cursor object at 0x11e4a1dc0>, 'PRAGMA temp.table_info("node_relations")', ()) completed
2026-02-14 11:57:10,907 [DEBUG] [aiosqlite] executing functools.partial(<built-in method fetchall of sqlite3.Cursor object at 0x11e4a1dc0>)
2026-02-14 11:57:10,907 [DEBUG] [aiosqlite] operation functools.partial(<built-in method fetchall of sqlite3.Cursor object at 0x11e4a1dc0>) completed
2026-02-14 11:57:10,907 [DEBUG] [aiosqlite] executing functools.partial(<built-in method close of sqlite3.Cursor object at 0x11e4a1dc0>)
2026-02-14 11:57:10,907 [DEBUG] [aiosqlite] operation functools.partial(<built-in method close of sqlite3.Cursor object at 0x11e4a1dc0>) completed
2026-02-14 11:57:10,907 [DEBUG] [aiosqlite] executing functools.partial(<built-in method cursor of sqlite3.Connection object at 0x11e51c5e0>)
2026-02-14 11:57:10,907 [DEBUG] [aiosqlite] operation functools.partial(<built-in method cursor of sqlite3.Connection object at 0x11e51c5e0>) completed
2026-02-14 11:57:10,908 [DEBUG] [aiosqlite] executing functools.partial(<built-in method execute of sqlite3.Cursor object at 0x11e4a14c0>, 'PRAGMA main.table_info("information_sources")', ())
2026-02-14 11:57:10,908 [DEBUG] [aiosqlite] operation functools.partial(<built-in method execute of sqlite3.Cursor object at 0x11e4a14c0>, 'PRAGMA main.table_info("information_sources")', ()) completed
2026-02-14 11:57:10,908 [DEBUG] [aiosqlite] executing functools.partial(<built-in method fetchall of sqlite3.Cursor object at 0x11e4a14c0>)
2026-02-14 11:57:10,908 [DEBUG] [aiosqlite] operation functools.partial(<built-in method fetchall of sqlite3.Cursor object at 0x11e4a14c0>) completed
2026-02-14 11:57:10,908 [DEBUG] [aiosqlite] executing functools.partial(<built-in method close of sqlite3.Cursor object at 0x11e4a14c0>)
2026-02-14 11:57:10,908 [DEBUG] [aiosqlite] operation functools.partial(<built-in method close of sqlite3.Cursor object at 0x11e4a14c0>) completed
2026-02-14 11:57:10,908 [DEBUG] [aiosqlite] executing functools.partial(<built-in method cursor of sqlite3.Connection object at 0x11e51c5e0>)
2026-02-14 11:57:10,908 [DEBUG] [aiosqlite] operation functools.partial(<built-in method cursor of sqlite3.Connection object at 0x11e51c5e0>) completed
2026-02-14 11:57:10,908 [DEBUG] [aiosqlite] executing functools.partial(<built-in method execute of sqlite3.Cursor object at 0x11e4a13c0>, 'PRAGMA temp.table_info("information_sources")', ())
2026-02-14 11:57:10,908 [DEBUG] [aiosqlite] operation functools.partial(<built-in method execute of sqlite3.Cursor object at 0x11e4a13c0>, 'PRAGMA temp.table_info("information_sources")', ()) completed
2026-02-14 11:57:10,908 [DEBUG] [aiosqlite] executing functools.partial(<built-in method fetchall of sqlite3.Cursor object at 0x11e4a13c0>)
2026-02-14 11:57:10,908 [DEBUG] [aiosqlite] operation functools.partial(<built-in method fetchall of sqlite3.Cursor object at 0x11e4a13c0>) completed
2026-02-14 11:57:10,908 [DEBUG] [aiosqlite] executing functools.partial(<built-in method close of sqlite3.Cursor object at 0x11e4a13c0>)
2026-02-14 11:57:10,908 [DEBUG] [aiosqlite] operation functools.partial(<built-in method close of sqlite3.Cursor object at 0x11e4a13c0>) completed
2026-02-14 11:57:10,908 [DEBUG] [aiosqlite] executing functools.partial(<built-in method cursor of sqlite3.Connection object at 0x11e51c5e0>)
2026-02-14 11:57:10,908 [DEBUG] [aiosqlite] operation functools.partial(<built-in method cursor of sqlite3.Connection object at 0x11e51c5e0>) completed
2026-02-14 11:57:10,908 [DEBUG] [aiosqlite] executing functools.partial(<built-in method execute of sqlite3.Cursor object at 0x11e4a11c0>, 'PRAGMA main.table_info("source_node_relations")', ())
2026-02-14 11:57:10,908 [DEBUG] [aiosqlite] operation functools.partial(<built-in method execute of sqlite3.Cursor object at 0x11e4a11c0>, 'PRAGMA main.table_info("source_node_relations")', ()) completed
2026-02-14 11:57:10,908 [DEBUG] [aiosqlite] executing functools.partial(<built-in method fetchall of sqlite3.Cursor object at 0x11e4a11c0>)
2026-02-14 11:57:10,908 [DEBUG] [aiosqlite] operation functools.partial(<built-in method fetchall of sqlite3.Cursor object at 0x11e4a11c0>) completed
2026-02-14 11:57:10,908 [DEBUG] [aiosqlite] executing functools.partial(<built-in method close of sqlite3.Cursor object at 0x11e4a11c0>)
2026-02-14 11:57:10,908 [DEBUG] [aiosqlite] operation functools.partial(<built-in method close of sqlite3.Cursor object at 0x11e4a11c0>) completed
2026-02-14 11:57:10,908 [DEBUG] [aiosqlite] executing functools.partial(<built-in method cursor of sqlite3.Connection object at 0x11e51c5e0>)
2026-02-14 11:57:10,908 [DEBUG] [aiosqlite] operation functools.partial(<built-in method cursor of sqlite3.Connection object at 0x11e51c5e0>) completed
2026-02-14 11:57:10,908 [DEBUG] [aiosqlite] executing functools.partial(<built-in method execute of sqlite3.Cursor object at 0x11e4a1040>, 'PRAGMA temp.table_info("source_node_relations")', ())
2026-02-14 11:57:10,908 [DEBUG] [aiosqlite] operation functools.partial(<built-in method execute of sqlite3.Cursor object at 0x11e4a1040>, 'PRAGMA temp.table_info("source_node_relations")', ()) completed
2026-02-14 11:57:10,908 [DEBUG] [aiosqlite] executing functools.partial(<built-in method fetchall of sqlite3.Cursor object at 0x11e4a1040>)
2026-02-14 11:57:10,908 [DEBUG] [aiosqlite] operation functools.partial(<built-in method fetchall of sqlite3.Cursor object at 0x11e4a1040>) completed
2026-02-14 11:57:10,909 [DEBUG] [aiosqlite] executing functools.partial(<built-in method close of sqlite3.Cursor object at 0x11e4a1040>)
2026-02-14 11:57:10,909 [DEBUG] [aiosqlite] operation functools.partial(<built-in method close of sqlite3.Cursor object at 0x11e4a1040>) completed
2026-02-14 11:57:10,909 [DEBUG] [aiosqlite] executing functools.partial(<built-in method cursor of sqlite3.Connection object at 0x11e51c5e0>)
2026-02-14 11:57:10,909 [DEBUG] [aiosqlite] operation functools.partial(<built-in method cursor of sqlite3.Connection object at 0x11e51c5e0>) completed
2026-02-14 11:57:10,909 [DEBUG] [aiosqlite] executing functools.partial(<built-in method execute of sqlite3.Cursor object at 0x11e4a0440>, 'PRAGMA main.table_info("content_items")', ())
2026-02-14 11:57:10,909 [DEBUG] [aiosqlite] operation functools.partial(<built-in method execute of sqlite3.Cursor object at 0x11e4a0440>, 'PRAGMA main.table_info("content_items")', ()) completed
2026-02-14 11:57:10,909 [DEBUG] [aiosqlite] executing functools.partial(<built-in method fetchall of sqlite3.Cursor object at 0x11e4a0440>)
2026-02-14 11:57:10,909 [DEBUG] [aiosqlite] operation functools.partial(<built-in method fetchall of sqlite3.Cursor object at 0x11e4a0440>) completed
2026-02-14 11:57:10,909 [DEBUG] [aiosqlite] executing functools.partial(<built-in method close of sqlite3.Cursor object at 0x11e4a0440>)
2026-02-14 11:57:10,909 [DEBUG] [aiosqlite] operation functools.partial(<built-in method close of sqlite3.Cursor object at 0x11e4a0440>) completed
2026-02-14 11:57:10,909 [DEBUG] [aiosqlite] executing functools.partial(<built-in method cursor of sqlite3.Connection object at 0x11e51c5e0>)
2026-02-14 11:57:10,909 [DEBUG] [aiosqlite] operation functools.partial(<built-in method cursor of sqlite3.Connection object at 0x11e51c5e0>) completed
2026-02-14 11:57:10,909 [DEBUG] [aiosqlite] executing functools.partial(<built-in method execute of sqlite3.Cursor object at 0x11e4a0ec0>, 'PRAGMA temp.table_info("content_items")', ())
2026-02-14 11:57:10,909 [DEBUG] [aiosqlite] operation functools.partial(<built-in method execute of sqlite3.Cursor object at 0x11e4a0ec0>, 'PRAGMA temp.table_info("content_items")', ()) completed
2026-02-14 11:57:10,909 [DEBUG] [aiosqlite] executing functools.partial(<built-in method fetchall of sqlite3.Cursor object at 0x11e4a0ec0>)
2026-02-14 11:57:10,909 [DEBUG] [aiosqlite] operation functools.partial(<built-in method fetchall of sqlite3.Cursor object at 0x11e4a0ec0>) completed
2026-02-14 11:57:10,909 [DEBUG] [aiosqlite] executing functools.partial(<built-in method close of sqlite3.Cursor object at 0x11e4a0ec0>)
2026-02-14 11:57:10,909 [DEBUG] [aiosqlite] operation functools.partial(<built-in method close of sqlite3.Cursor object at 0x11e4a0ec0>) completed
2026-02-14 11:57:10,909 [DEBUG] [aiosqlite] executing functools.partial(<built-in method cursor of sqlite3.Connection object at 0x11e51c5e0>)
2026-02-14 11:57:10,909 [DEBUG] [aiosqlite] operation functools.partial(<built-in method cursor of sqlite3.Connection object at 0x11e51c5e0>) completed
2026-02-14 11:57:10,909 [DEBUG] [aiosqlite] executing functools.partial(<built-in method execute of sqlite3.Cursor object at 0x11e4a0b40>, 'PRAGMA main.table_info("content_node_relations")', ())
2026-02-14 11:57:10,909 [DEBUG] [aiosqlite] operation functools.partial(<built-in method execute of sqlite3.Cursor object at 0x11e4a0b40>, 'PRAGMA main.table_info("content_node_relations")', ()) completed
2026-02-14 11:57:10,909 [DEBUG] [aiosqlite] executing functools.partial(<built-in method fetchall of sqlite3.Cursor object at 0x11e4a0b40>)
2026-02-14 11:57:10,909 [DEBUG] [aiosqlite] operation functools.partial(<built-in method fetchall of sqlite3.Cursor object at 0x11e4a0b40>) completed
2026-02-14 11:57:10,909 [DEBUG] [aiosqlite] executing functools.partial(<built-in method close of sqlite3.Cursor object at 0x11e4a0b40>)
2026-02-14 11:57:10,909 [DEBUG] [aiosqlite] operation functools.partial(<built-in method close of sqlite3.Cursor object at 0x11e4a0b40>) completed
2026-02-14 11:57:10,909 [DEBUG] [aiosqlite] executing functools.partial(<built-in method cursor of sqlite3.Connection object at 0x11e51c5e0>)
2026-02-14 11:57:10,909 [DEBUG] [aiosqlite] operation functools.partial(<built-in method cursor of sqlite3.Connection object at 0x11e51c5e0>) completed
2026-02-14 11:57:10,910 [DEBUG] [aiosqlite] executing functools.partial(<built-in method execute of sqlite3.Cursor object at 0x11e4c60c0>, 'PRAGMA temp.table_info("content_node_relations")', ())
2026-02-14 11:57:10,910 [DEBUG] [aiosqlite] operation functools.partial(<built-in method execute of sqlite3.Cursor object at 0x11e4c60c0>, 'PRAGMA temp.table_info("content_node_relations")', ()) completed
2026-02-14 11:57:10,910 [DEBUG] [aiosqlite] executing functools.partial(<built-in method fetchall of sqlite3.Cursor object at 0x11e4c60c0>)
2026-02-14 11:57:10,910 [DEBUG] [aiosqlite] operation functools.partial(<built-in method fetchall of sqlite3.Cursor object at 0x11e4c60c0>) completed
2026-02-14 11:57:10,910 [DEBUG] [aiosqlite] executing functools.partial(<built-in method close of sqlite3.Cursor object at 0x11e4c60c0>)
2026-02-14 11:57:10,910 [DEBUG] [aiosqlite] operation functools.partial(<built-in method close of sqlite3.Cursor object at 0x11e4c60c0>) completed
2026-02-14 11:57:10,910 [DEBUG] [aiosqlite] executing functools.partial(<built-in method cursor of sqlite3.Connection object at 0x11e51c5e0>)
2026-02-14 11:57:10,910 [DEBUG] [aiosqlite] operation functools.partial(<built-in method cursor of sqlite3.Connection object at 0x11e51c5e0>) completed
2026-02-14 11:57:10,910 [DEBUG] [aiosqlite] executing functools.partial(<built-in method execute of sqlite3.Cursor object at 0x11e4c5fc0>, 'PRAGMA main.table_info("validation_results")', ())
2026-02-14 11:57:10,910 [DEBUG] [aiosqlite] operation functools.partial(<built-in method execute of sqlite3.Cursor object at 0x11e4c5fc0>, 'PRAGMA main.table_info("validation_results")', ()) completed
2026-02-14 11:57:10,910 [DEBUG] [aiosqlite] executing functools.partial(<built-in method fetchall of sqlite3.Cursor object at 0x11e4c5fc0>)
2026-02-14 11:57:10,910 [DEBUG] [aiosqlite] operation functools.partial(<built-in method fetchall of sqlite3.Cursor object at 0x11e4c5fc0>) completed
2026-02-14 11:57:10,910 [DEBUG] [aiosqlite] executing functools.partial(<built-in method close of sqlite3.Cursor object at 0x11e4c5fc0>)
2026-02-14 11:57:10,910 [DEBUG] [aiosqlite] operation functools.partial(<built-in method close of sqlite3.Cursor object at 0x11e4c5fc0>) completed
2026-02-14 11:57:10,910 [DEBUG] [aiosqlite] executing functools.partial(<built-in method cursor of sqlite3.Connection object at 0x11e51c5e0>)
2026-02-14 11:57:10,910 [DEBUG] [aiosqlite] operation functools.partial(<built-in method cursor of sqlite3.Connection object at 0x11e51c5e0>) completed
2026-02-14 11:57:10,910 [DEBUG] [aiosqlite] executing functools.partial(<built-in method execute of sqlite3.Cursor object at 0x11e4c5d40>, 'PRAGMA temp.table_info("validation_results")', ())
2026-02-14 11:57:10,910 [DEBUG] [aiosqlite] operation functools.partial(<built-in method execute of sqlite3.Cursor object at 0x11e4c5d40>, 'PRAGMA temp.table_info("validation_results")', ()) completed
2026-02-14 11:57:10,910 [DEBUG] [aiosqlite] executing functools.partial(<built-in method fetchall of sqlite3.Cursor object at 0x11e4c5d40>)
2026-02-14 11:57:10,910 [DEBUG] [aiosqlite] operation functools.partial(<built-in method fetchall of sqlite3.Cursor object at 0x11e4c5d40>) completed
2026-02-14 11:57:10,910 [DEBUG] [aiosqlite] executing functools.partial(<built-in method close of sqlite3.Cursor object at 0x11e4c5d40>)
2026-02-14 11:57:10,910 [DEBUG] [aiosqlite] operation functools.partial(<built-in method close of sqlite3.Cursor object at 0x11e4c5d40>) completed
2026-02-14 11:57:10,910 [DEBUG] [aiosqlite] executing functools.partial(<built-in method cursor of sqlite3.Connection object at 0x11e51c5e0>)
2026-02-14 11:57:10,910 [DEBUG] [aiosqlite] operation functools.partial(<built-in method cursor of sqlite3.Connection object at 0x11e51c5e0>) completed
2026-02-14 11:57:10,910 [DEBUG] [aiosqlite] executing functools.partial(<built-in method execute of sqlite3.Cursor object at 0x11e4c6240>, 'PRAGMA main.table_info("crawl_jobs")', ())
2026-02-14 11:57:10,911 [DEBUG] [aiosqlite] operation functools.partial(<built-in method execute of sqlite3.Cursor object at 0x11e4c6240>, 'PRAGMA main.table_info("crawl_jobs")', ()) completed
2026-02-14 11:57:10,911 [DEBUG] [aiosqlite] executing functools.partial(<built-in method fetchall of sqlite3.Cursor object at 0x11e4c6240>)
2026-02-14 11:57:10,911 [DEBUG] [aiosqlite] operation functools.partial(<built-in method fetchall of sqlite3.Cursor object at 0x11e4c6240>) completed
2026-02-14 11:57:10,911 [DEBUG] [aiosqlite] executing functools.partial(<built-in method close of sqlite3.Cursor object at 0x11e4c6240>)
2026-02-14 11:57:10,911 [DEBUG] [aiosqlite] operation functools.partial(<built-in method close of sqlite3.Cursor object at 0x11e4c6240>) completed
2026-02-14 11:57:10,911 [DEBUG] [aiosqlite] executing functools.partial(<built-in method cursor of sqlite3.Connection object at 0x11e51c5e0>)
2026-02-14 11:57:10,911 [DEBUG] [aiosqlite] operation functools.partial(<built-in method cursor of sqlite3.Connection object at 0x11e51c5e0>) completed
2026-02-14 11:57:10,911 [DEBUG] [aiosqlite] executing functools.partial(<built-in method execute of sqlite3.Cursor object at 0x11e4c5c40>, 'PRAGMA temp.table_info("crawl_jobs")', ())
2026-02-14 11:57:10,911 [DEBUG] [aiosqlite] operation functools.partial(<built-in method execute of sqlite3.Cursor object at 0x11e4c5c40>, 'PRAGMA temp.table_info("crawl_jobs")', ()) completed
2026-02-14 11:57:10,911 [DEBUG] [aiosqlite] executing functools.partial(<built-in method fetchall of sqlite3.Cursor object at 0x11e4c5c40>)
2026-02-14 11:57:10,911 [DEBUG] [aiosqlite] operation functools.partial(<built-in method fetchall of sqlite3.Cursor object at 0x11e4c5c40>) completed
2026-02-14 11:57:10,911 [DEBUG] [aiosqlite] executing functools.partial(<built-in method close of sqlite3.Cursor object at 0x11e4c5c40>)
2026-02-14 11:57:10,911 [DEBUG] [aiosqlite] operation functools.partial(<built-in method close of sqlite3.Cursor object at 0x11e4c5c40>) completed
2026-02-14 11:57:10,911 [DEBUG] [aiosqlite] executing functools.partial(<built-in method cursor of sqlite3.Connection object at 0x11e51c5e0>)
2026-02-14 11:57:10,911 [DEBUG] [aiosqlite] operation functools.partial(<built-in method cursor of sqlite3.Connection object at 0x11e51c5e0>) completed
2026-02-14 11:57:10,911 [DEBUG] [aiosqlite] executing functools.partial(<built-in method execute of sqlite3.Cursor object at 0x11e4c6140>, 'PRAGMA main.table_info("approvals")', ())
2026-02-14 11:57:10,911 [DEBUG] [aiosqlite] operation functools.partial(<built-in method execute of sqlite3.Cursor object at 0x11e4c6140>, 'PRAGMA main.table_info("approvals")', ()) completed
2026-02-14 11:57:10,911 [DEBUG] [aiosqlite] executing functools.partial(<built-in method fetchall of sqlite3.Cursor object at 0x11e4c6140>)
2026-02-14 11:57:10,911 [DEBUG] [aiosqlite] operation functools.partial(<built-in method fetchall of sqlite3.Cursor object at 0x11e4c6140>) completed
2026-02-14 11:57:10,911 [DEBUG] [aiosqlite] executing functools.partial(<built-in method close of sqlite3.Cursor object at 0x11e4c6140>)
2026-02-14 11:57:10,911 [DEBUG] [aiosqlite] operation functools.partial(<built-in method close of sqlite3.Cursor object at 0x11e4c6140>) completed
2026-02-14 11:57:10,911 [DEBUG] [aiosqlite] executing functools.partial(<built-in method cursor of sqlite3.Connection object at 0x11e51c5e0>)
2026-02-14 11:57:10,911 [DEBUG] [aiosqlite] operation functools.partial(<built-in method cursor of sqlite3.Connection object at 0x11e51c5e0>) completed
2026-02-14 11:57:10,911 [DEBUG] [aiosqlite] executing functools.partial(<built-in method execute of sqlite3.Cursor object at 0x11e4c5ac0>, 'PRAGMA temp.table_info("approvals")', ())
2026-02-14 11:57:10,911 [DEBUG] [aiosqlite] operation functools.partial(<built-in method execute of sqlite3.Cursor object at 0x11e4c5ac0>, 'PRAGMA temp.table_info("approvals")', ()) completed
2026-02-14 11:57:10,912 [DEBUG] [aiosqlite] executing functools.partial(<built-in method fetchall of sqlite3.Cursor object at 0x11e4c5ac0>)
2026-02-14 11:57:10,912 [DEBUG] [aiosqlite] operation functools.partial(<built-in method fetchall of sqlite3.Cursor object at 0x11e4c5ac0>) completed
2026-02-14 11:57:10,912 [DEBUG] [aiosqlite] executing functools.partial(<built-in method close of sqlite3.Cursor object at 0x11e4c5ac0>)
2026-02-14 11:57:10,912 [DEBUG] [aiosqlite] operation functools.partial(<built-in method close of sqlite3.Cursor object at 0x11e4c5ac0>) completed
2026-02-14 11:57:10,912 [DEBUG] [aiosqlite] executing functools.partial(<built-in method cursor of sqlite3.Connection object at 0x11e51c5e0>)
2026-02-14 11:57:10,912 [DEBUG] [aiosqlite] operation functools.partial(<built-in method cursor of sqlite3.Connection object at 0x11e51c5e0>) completed
2026-02-14 11:57:10,912 [DEBUG] [aiosqlite] executing functools.partial(<built-in method execute of sqlite3.Cursor object at 0x11e4c5a40>, 'PRAGMA main.table_info("concepts")', ())
2026-02-14 11:57:10,912 [DEBUG] [aiosqlite] operation functools.partial(<built-in method execute of sqlite3.Cursor object at 0x11e4c5a40>, 'PRAGMA main.table_info("concepts")', ()) completed
2026-02-14 11:57:10,912 [DEBUG] [aiosqlite] executing functools.partial(<built-in method fetchall of sqlite3.Cursor object at 0x11e4c5a40>)
2026-02-14 11:57:10,912 [DEBUG] [aiosqlite] operation functools.partial(<built-in method fetchall of sqlite3.Cursor object at 0x11e4c5a40>) completed
2026-02-14 11:57:10,912 [DEBUG] [aiosqlite] executing functools.partial(<built-in method close of sqlite3.Cursor object at 0x11e4c5a40>)
2026-02-14 11:57:10,912 [DEBUG] [aiosqlite] operation functools.partial(<built-in method close of sqlite3.Cursor object at 0x11e4c5a40>) completed
2026-02-14 11:57:10,912 [DEBUG] [aiosqlite] executing functools.partial(<built-in method cursor of sqlite3.Connection object at 0x11e51c5e0>)
2026-02-14 11:57:10,912 [DEBUG] [aiosqlite] operation functools.partial(<built-in method cursor of sqlite3.Connection object at 0x11e51c5e0>) completed
2026-02-14 11:57:10,912 [DEBUG] [aiosqlite] executing functools.partial(<built-in method execute of sqlite3.Cursor object at 0x11e4c4640>, 'PRAGMA temp.table_info("concepts")', ())
2026-02-14 11:57:10,912 [DEBUG] [aiosqlite] operation functools.partial(<built-in method execute of sqlite3.Cursor object at 0x11e4c4640>, 'PRAGMA temp.table_info("concepts")', ()) completed
2026-02-14 11:57:10,912 [DEBUG] [aiosqlite] executing functools.partial(<built-in method fetchall of sqlite3.Cursor object at 0x11e4c4640>)
2026-02-14 11:57:10,912 [DEBUG] [aiosqlite] operation functools.partial(<built-in method fetchall of sqlite3.Cursor object at 0x11e4c4640>) completed
2026-02-14 11:57:10,912 [DEBUG] [aiosqlite] executing functools.partial(<built-in method close of sqlite3.Cursor object at 0x11e4c4640>)
2026-02-14 11:57:10,912 [DEBUG] [aiosqlite] operation functools.partial(<built-in method close of sqlite3.Cursor object at 0x11e4c4640>) completed
2026-02-14 11:57:10,912 [DEBUG] [aiosqlite] executing functools.partial(<built-in method cursor of sqlite3.Connection object at 0x11e51c5e0>)
2026-02-14 11:57:10,912 [DEBUG] [aiosqlite] operation functools.partial(<built-in method cursor of sqlite3.Connection object at 0x11e51c5e0>) completed
2026-02-14 11:57:10,912 [DEBUG] [aiosqlite] executing functools.partial(<built-in method execute of sqlite3.Cursor object at 0x11e4c4ec0>, 'PRAGMA main.table_info("concept_synonyms")', ())
2026-02-14 11:57:10,912 [DEBUG] [aiosqlite] operation functools.partial(<built-in method execute of sqlite3.Cursor object at 0x11e4c4ec0>, 'PRAGMA main.table_info("concept_synonyms")', ()) completed
2026-02-14 11:57:10,913 [DEBUG] [aiosqlite] executing functools.partial(<built-in method fetchall of sqlite3.Cursor object at 0x11e4c4ec0>)
2026-02-14 11:57:10,913 [DEBUG] [aiosqlite] operation functools.partial(<built-in method fetchall of sqlite3.Cursor object at 0x11e4c4ec0>) completed
2026-02-14 11:57:10,913 [DEBUG] [aiosqlite] executing functools.partial(<built-in method close of sqlite3.Cursor object at 0x11e4c4ec0>)
2026-02-14 11:57:10,913 [DEBUG] [aiosqlite] operation functools.partial(<built-in method close of sqlite3.Cursor object at 0x11e4c4ec0>) completed
2026-02-14 11:57:10,913 [DEBUG] [aiosqlite] executing functools.partial(<built-in method cursor of sqlite3.Connection object at 0x11e51c5e0>)
2026-02-14 11:57:10,913 [DEBUG] [aiosqlite] operation functools.partial(<built-in method cursor of sqlite3.Connection object at 0x11e51c5e0>) completed
2026-02-14 11:57:10,913 [DEBUG] [aiosqlite] executing functools.partial(<built-in method execute of sqlite3.Cursor object at 0x11e4c6340>, 'PRAGMA temp.table_info("concept_synonyms")', ())
2026-02-14 11:57:10,913 [DEBUG] [aiosqlite] operation functools.partial(<built-in method execute of sqlite3.Cursor object at 0x11e4c6340>, 'PRAGMA temp.table_info("concept_synonyms")', ()) completed
2026-02-14 11:57:10,913 [DEBUG] [aiosqlite] executing functools.partial(<built-in method fetchall of sqlite3.Cursor object at 0x11e4c6340>)
2026-02-14 11:57:10,913 [DEBUG] [aiosqlite] operation functools.partial(<built-in method fetchall of sqlite3.Cursor object at 0x11e4c6340>) completed
2026-02-14 11:57:10,913 [DEBUG] [aiosqlite] executing functools.partial(<built-in method close of sqlite3.Cursor object at 0x11e4c6340>)
2026-02-14 11:57:10,913 [DEBUG] [aiosqlite] operation functools.partial(<built-in method close of sqlite3.Cursor object at 0x11e4c6340>) completed
2026-02-14 11:57:10,913 [DEBUG] [aiosqlite] executing functools.partial(<built-in method cursor of sqlite3.Connection object at 0x11e51c5e0>)
2026-02-14 11:57:10,913 [DEBUG] [aiosqlite] operation functools.partial(<built-in method cursor of sqlite3.Connection object at 0x11e51c5e0>) completed
2026-02-14 11:57:10,913 [DEBUG] [aiosqlite] executing functools.partial(<built-in method execute of sqlite3.Cursor object at 0x11e4c59c0>, 'PRAGMA main.table_info("snapshots")', ())
2026-02-14 11:57:10,913 [DEBUG] [aiosqlite] operation functools.partial(<built-in method execute of sqlite3.Cursor object at 0x11e4c59c0>, 'PRAGMA main.table_info("snapshots")', ()) completed
2026-02-14 11:57:10,913 [DEBUG] [aiosqlite] executing functools.partial(<built-in method fetchall of sqlite3.Cursor object at 0x11e4c59c0>)
2026-02-14 11:57:10,913 [DEBUG] [aiosqlite] operation functools.partial(<built-in method fetchall of sqlite3.Cursor object at 0x11e4c59c0>) completed
2026-02-14 11:57:10,913 [DEBUG] [aiosqlite] executing functools.partial(<built-in method close of sqlite3.Cursor object at 0x11e4c59c0>)
2026-02-14 11:57:10,913 [DEBUG] [aiosqlite] operation functools.partial(<built-in method close of sqlite3.Cursor object at 0x11e4c59c0>) completed
2026-02-14 11:57:10,913 [DEBUG] [aiosqlite] executing functools.partial(<built-in method cursor of sqlite3.Connection object at 0x11e51c5e0>)
2026-02-14 11:57:10,913 [DEBUG] [aiosqlite] operation functools.partial(<built-in method cursor of sqlite3.Connection object at 0x11e51c5e0>) completed
2026-02-14 11:57:10,913 [DEBUG] [aiosqlite] executing functools.partial(<built-in method execute of sqlite3.Cursor object at 0x11e4c6440>, 'PRAGMA temp.table_info("snapshots")', ())
2026-02-14 11:57:10,913 [DEBUG] [aiosqlite] operation functools.partial(<built-in method execute of sqlite3.Cursor object at 0x11e4c6440>, 'PRAGMA temp.table_info("snapshots")', ()) completed
2026-02-14 11:57:10,914 [DEBUG] [aiosqlite] executing functools.partial(<built-in method fetchall of sqlite3.Cursor object at 0x11e4c6440>)
2026-02-14 11:57:10,914 [DEBUG] [aiosqlite] operation functools.partial(<built-in method fetchall of sqlite3.Cursor object at 0x11e4c6440>) completed
2026-02-14 11:57:10,914 [DEBUG] [aiosqlite] executing functools.partial(<built-in method close of sqlite3.Cursor object at 0x11e4c6440>)
2026-02-14 11:57:10,914 [DEBUG] [aiosqlite] operation functools.partial(<built-in method close of sqlite3.Cursor object at 0x11e4c6440>) completed
2026-02-14 11:57:10,914 [DEBUG] [aiosqlite] executing functools.partial(<built-in method cursor of sqlite3.Connection object at 0x11e51c5e0>)
2026-02-14 11:57:10,914 [DEBUG] [aiosqlite] operation functools.partial(<built-in method cursor of sqlite3.Connection object at 0x11e51c5e0>) completed
2026-02-14 11:57:10,914 [DEBUG] [aiosqlite] executing functools.partial(<built-in method execute of sqlite3.Cursor object at 0x11e4c62c0>, 'PRAGMA main.table_info("contributions")', ())
2026-02-14 11:57:10,914 [DEBUG] [aiosqlite] operation functools.partial(<built-in method execute of sqlite3.Cursor object at 0x11e4c62c0>, 'PRAGMA main.table_info("contributions")', ()) completed
2026-02-14 11:57:10,914 [DEBUG] [aiosqlite] executing functools.partial(<built-in method fetchall of sqlite3.Cursor object at 0x11e4c62c0>)
2026-02-14 11:57:10,914 [DEBUG] [aiosqlite] operation functools.partial(<built-in method fetchall of sqlite3.Cursor object at 0x11e4c62c0>) completed
2026-02-14 11:57:10,914 [DEBUG] [aiosqlite] executing functools.partial(<built-in method close of sqlite3.Cursor object at 0x11e4c62c0>)
2026-02-14 11:57:10,914 [DEBUG] [aiosqlite] operation functools.partial(<built-in method close of sqlite3.Cursor object at 0x11e4c62c0>) completed
2026-02-14 11:57:10,914 [DEBUG] [aiosqlite] executing functools.partial(<built-in method cursor of sqlite3.Connection object at 0x11e51c5e0>)
2026-02-14 11:57:10,914 [DEBUG] [aiosqlite] operation functools.partial(<built-in method cursor of sqlite3.Connection object at 0x11e51c5e0>) completed
2026-02-14 11:57:10,914 [DEBUG] [aiosqlite] executing functools.partial(<built-in method execute of sqlite3.Cursor object at 0x11e4c64c0>, 'PRAGMA temp.table_info("contributions")', ())
2026-02-14 11:57:10,914 [DEBUG] [aiosqlite] operation functools.partial(<built-in method execute of sqlite3.Cursor object at 0x11e4c64c0>, 'PRAGMA temp.table_info("contributions")', ()) completed
2026-02-14 11:57:10,914 [DEBUG] [aiosqlite] executing functools.partial(<built-in method fetchall of sqlite3.Cursor object at 0x11e4c64c0>)
2026-02-14 11:57:10,914 [DEBUG] [aiosqlite] operation functools.partial(<built-in method fetchall of sqlite3.Cursor object at 0x11e4c64c0>) completed
2026-02-14 11:57:10,914 [DEBUG] [aiosqlite] executing functools.partial(<built-in method close of sqlite3.Cursor object at 0x11e4c64c0>)
2026-02-14 11:57:10,914 [DEBUG] [aiosqlite] operation functools.partial(<built-in method close of sqlite3.Cursor object at 0x11e4c64c0>) completed
2026-02-14 11:57:10,915 [DEBUG] [aiosqlite] executing functools.partial(<built-in method cursor of sqlite3.Connection object at 0x11e51c5e0>)
2026-02-14 11:57:10,915 [DEBUG] [aiosqlite] operation functools.partial(<built-in method cursor of sqlite3.Connection object at 0x11e51c5e0>) completed
2026-02-14 11:57:10,915 [DEBUG] [aiosqlite] executing functools.partial(<built-in method execute of sqlite3.Cursor object at 0x11e4c63c0>, 'PRAGMA main.table_info("synonym_mappings")', ())
2026-02-14 11:57:10,915 [DEBUG] [aiosqlite] operation functools.partial(<built-in method execute of sqlite3.Cursor object at 0x11e4c63c0>, 'PRAGMA main.table_info("synonym_mappings")', ()) completed
2026-02-14 11:57:10,915 [DEBUG] [aiosqlite] executing functools.partial(<built-in method fetchall of sqlite3.Cursor object at 0x11e4c63c0>)
2026-02-14 11:57:10,915 [DEBUG] [aiosqlite] operation functools.partial(<built-in method fetchall of sqlite3.Cursor object at 0x11e4c63c0>) completed
2026-02-14 11:57:10,915 [DEBUG] [aiosqlite] executing functools.partial(<built-in method close of sqlite3.Cursor object at 0x11e4c63c0>)
2026-02-14 11:57:10,915 [DEBUG] [aiosqlite] operation functools.partial(<built-in method close of sqlite3.Cursor object at 0x11e4c63c0>) completed
2026-02-14 11:57:10,915 [DEBUG] [aiosqlite] executing functools.partial(<built-in method cursor of sqlite3.Connection object at 0x11e51c5e0>)
2026-02-14 11:57:10,915 [DEBUG] [aiosqlite] operation functools.partial(<built-in method cursor of sqlite3.Connection object at 0x11e51c5e0>) completed
2026-02-14 11:57:10,915 [DEBUG] [aiosqlite] executing functools.partial(<built-in method execute of sqlite3.Cursor object at 0x11e4c6640>, 'PRAGMA temp.table_info("synonym_mappings")', ())
2026-02-14 11:57:10,915 [DEBUG] [aiosqlite] operation functools.partial(<built-in method execute of sqlite3.Cursor object at 0x11e4c6640>, 'PRAGMA temp.table_info("synonym_mappings")', ()) completed
2026-02-14 11:57:10,915 [DEBUG] [aiosqlite] executing functools.partial(<built-in method fetchall of sqlite3.Cursor object at 0x11e4c6640>)
2026-02-14 11:57:10,915 [DEBUG] [aiosqlite] operation functools.partial(<built-in method fetchall of sqlite3.Cursor object at 0x11e4c6640>) completed
2026-02-14 11:57:10,915 [DEBUG] [aiosqlite] executing functools.partial(<built-in method close of sqlite3.Cursor object at 0x11e4c6640>)
2026-02-14 11:57:10,915 [DEBUG] [aiosqlite] operation functools.partial(<built-in method close of sqlite3.Cursor object at 0x11e4c6640>) completed
2026-02-14 11:57:10,915 [DEBUG] [aiosqlite] executing functools.partial(<built-in method cursor of sqlite3.Connection object at 0x11e51c5e0>)
2026-02-14 11:57:10,915 [DEBUG] [aiosqlite] operation functools.partial(<built-in method cursor of sqlite3.Connection object at 0x11e51c5e0>) completed
2026-02-14 11:57:10,915 [DEBUG] [aiosqlite] executing functools.partial(<built-in method execute of sqlite3.Cursor object at 0x11e4c6540>, 'PRAGMA main.table_info("batch_tasks")', ())
2026-02-14 11:57:10,915 [DEBUG] [aiosqlite] operation functools.partial(<built-in method execute of sqlite3.Cursor object at 0x11e4c6540>, 'PRAGMA main.table_info("batch_tasks")', ()) completed
2026-02-14 11:57:10,915 [DEBUG] [aiosqlite] executing functools.partial(<built-in method fetchall of sqlite3.Cursor object at 0x11e4c6540>)
2026-02-14 11:57:10,915 [DEBUG] [aiosqlite] operation functools.partial(<built-in method fetchall of sqlite3.Cursor object at 0x11e4c6540>) completed
2026-02-14 11:57:10,915 [DEBUG] [aiosqlite] executing functools.partial(<built-in method close of sqlite3.Cursor object at 0x11e4c6540>)
2026-02-14 11:57:10,915 [DEBUG] [aiosqlite] operation functools.partial(<built-in method close of sqlite3.Cursor object at 0x11e4c6540>) completed
2026-02-14 11:57:10,915 [DEBUG] [aiosqlite] executing functools.partial(<built-in method cursor of sqlite3.Connection object at 0x11e51c5e0>)
2026-02-14 11:57:10,915 [DEBUG] [aiosqlite] operation functools.partial(<built-in method cursor of sqlite3.Connection object at 0x11e51c5e0>) completed
2026-02-14 11:57:10,916 [DEBUG] [aiosqlite] executing functools.partial(<built-in method execute of sqlite3.Cursor object at 0x11e4c6740>, 'PRAGMA temp.table_info("batch_tasks")', ())
2026-02-14 11:57:10,916 [DEBUG] [aiosqlite] operation functools.partial(<built-in method execute of sqlite3.Cursor object at 0x11e4c6740>, 'PRAGMA temp.table_info("batch_tasks")', ()) completed
2026-02-14 11:57:10,916 [DEBUG] [aiosqlite] executing functools.partial(<built-in method fetchall of sqlite3.Cursor object at 0x11e4c6740>)
2026-02-14 11:57:10,916 [DEBUG] [aiosqlite] operation functools.partial(<built-in method fetchall of sqlite3.Cursor object at 0x11e4c6740>) completed
2026-02-14 11:57:10,916 [DEBUG] [aiosqlite] executing functools.partial(<built-in method close of sqlite3.Cursor object at 0x11e4c6740>)
2026-02-14 11:57:10,916 [DEBUG] [aiosqlite] operation functools.partial(<built-in method close of sqlite3.Cursor object at 0x11e4c6740>) completed
2026-02-14 11:57:10,916 [DEBUG] [aiosqlite] executing functools.partial(<built-in method cursor of sqlite3.Connection object at 0x11e51c5e0>)
2026-02-14 11:57:10,916 [DEBUG] [aiosqlite] operation functools.partial(<built-in method cursor of sqlite3.Connection object at 0x11e51c5e0>) completed
2026-02-14 11:57:10,916 [DEBUG] [aiosqlite] executing functools.partial(<built-in method execute of sqlite3.Cursor object at 0x11e4c65c0>, 'PRAGMA main.table_info("domain_whitelists")', ())
2026-02-14 11:57:10,916 [DEBUG] [aiosqlite] operation functools.partial(<built-in method execute of sqlite3.Cursor object at 0x11e4c65c0>, 'PRAGMA main.table_info("domain_whitelists")', ()) completed
2026-02-14 11:57:10,916 [DEBUG] [aiosqlite] executing functools.partial(<built-in method fetchall of sqlite3.Cursor object at 0x11e4c65c0>)
2026-02-14 11:57:10,916 [DEBUG] [aiosqlite] operation functools.partial(<built-in method fetchall of sqlite3.Cursor object at 0x11e4c65c0>) completed
2026-02-14 11:57:10,916 [DEBUG] [aiosqlite] executing functools.partial(<built-in method close of sqlite3.Cursor object at 0x11e4c65c0>)
2026-02-14 11:57:10,916 [DEBUG] [aiosqlite] operation functools.partial(<built-in method close of sqlite3.Cursor object at 0x11e4c65c0>) completed
2026-02-14 11:57:10,916 [DEBUG] [aiosqlite] executing functools.partial(<built-in method cursor of sqlite3.Connection object at 0x11e51c5e0>)
2026-02-14 11:57:10,916 [DEBUG] [aiosqlite] operation functools.partial(<built-in method cursor of sqlite3.Connection object at 0x11e51c5e0>) completed
2026-02-14 11:57:10,916 [DEBUG] [aiosqlite] executing functools.partial(<built-in method execute of sqlite3.Cursor object at 0x11e4c6840>, 'PRAGMA temp.table_info("domain_whitelists")', ())
2026-02-14 11:57:10,916 [DEBUG] [aiosqlite] operation functools.partial(<built-in method execute of sqlite3.Cursor object at 0x11e4c6840>, 'PRAGMA temp.table_info("domain_whitelists")', ()) completed
2026-02-14 11:57:10,916 [DEBUG] [aiosqlite] executing functools.partial(<built-in method fetchall of sqlite3.Cursor object at 0x11e4c6840>)
2026-02-14 11:57:10,916 [DEBUG] [aiosqlite] operation functools.partial(<built-in method fetchall of sqlite3.Cursor object at 0x11e4c6840>) completed
2026-02-14 11:57:10,916 [DEBUG] [aiosqlite] executing functools.partial(<built-in method close of sqlite3.Cursor object at 0x11e4c6840>)
2026-02-14 11:57:10,916 [DEBUG] [aiosqlite] operation functools.partial(<built-in method close of sqlite3.Cursor object at 0x11e4c6840>) completed
2026-02-14 11:57:10,916 [DEBUG] [aiosqlite] executing functools.partial(<built-in method cursor of sqlite3.Connection object at 0x11e51c5e0>)
2026-02-14 11:57:10,916 [DEBUG] [aiosqlite] operation functools.partial(<built-in method cursor of sqlite3.Connection object at 0x11e51c5e0>) completed
2026-02-14 11:57:10,916 [DEBUG] [aiosqlite] executing functools.partial(<built-in method execute of sqlite3.Cursor object at 0x11e4c67c0>, 'PRAGMA main.table_info("discovered_domains")', ())
2026-02-14 11:57:10,917 [DEBUG] [aiosqlite] operation functools.partial(<built-in method execute of sqlite3.Cursor object at 0x11e4c67c0>, 'PRAGMA main.table_info("discovered_domains")', ()) completed
2026-02-14 11:57:10,917 [DEBUG] [aiosqlite] executing functools.partial(<built-in method fetchall of sqlite3.Cursor object at 0x11e4c67c0>)
2026-02-14 11:57:10,917 [DEBUG] [aiosqlite] operation functools.partial(<built-in method fetchall of sqlite3.Cursor object at 0x11e4c67c0>) completed
2026-02-14 11:57:10,917 [DEBUG] [aiosqlite] executing functools.partial(<built-in method close of sqlite3.Cursor object at 0x11e4c67c0>)
2026-02-14 11:57:10,917 [DEBUG] [aiosqlite] operation functools.partial(<built-in method close of sqlite3.Cursor object at 0x11e4c67c0>) completed
2026-02-14 11:57:10,917 [DEBUG] [aiosqlite] executing functools.partial(<built-in method cursor of sqlite3.Connection object at 0x11e51c5e0>)
2026-02-14 11:57:10,917 [DEBUG] [aiosqlite] operation functools.partial(<built-in method cursor of sqlite3.Connection object at 0x11e51c5e0>) completed
2026-02-14 11:57:10,917 [DEBUG] [aiosqlite] executing functools.partial(<built-in method execute of sqlite3.Cursor object at 0x11e4c68c0>, 'PRAGMA temp.table_info("discovered_domains")', ())
2026-02-14 11:57:10,917 [DEBUG] [aiosqlite] operation functools.partial(<built-in method execute of sqlite3.Cursor object at 0x11e4c68c0>, 'PRAGMA temp.table_info("discovered_domains")', ()) completed
2026-02-14 11:57:10,917 [DEBUG] [aiosqlite] executing functools.partial(<built-in method fetchall of sqlite3.Cursor object at 0x11e4c68c0>)
2026-02-14 11:57:10,917 [DEBUG] [aiosqlite] operation functools.partial(<built-in method fetchall of sqlite3.Cursor object at 0x11e4c68c0>) completed
2026-02-14 11:57:10,917 [DEBUG] [aiosqlite] executing functools.partial(<built-in method close of sqlite3.Cursor object at 0x11e4c68c0>)
2026-02-14 11:57:10,917 [DEBUG] [aiosqlite] operation functools.partial(<built-in method close of sqlite3.Cursor object at 0x11e4c68c0>) completed
2026-02-14 11:57:10,917 [DEBUG] [aiosqlite] executing functools.partial(<built-in method cursor of sqlite3.Connection object at 0x11e51c5e0>)
2026-02-14 11:57:10,917 [DEBUG] [aiosqlite] operation functools.partial(<built-in method cursor of sqlite3.Connection object at 0x11e51c5e0>) completed
2026-02-14 11:57:10,917 [DEBUG] [aiosqlite] executing functools.partial(<built-in method execute of sqlite3.Cursor object at 0x11e4c66c0>, 'PRAGMA main.table_info("hotspots")', ())
2026-02-14 11:57:10,917 [DEBUG] [aiosqlite] operation functools.partial(<built-in method execute of sqlite3.Cursor object at 0x11e4c66c0>, 'PRAGMA main.table_info("hotspots")', ()) completed
2026-02-14 11:57:10,917 [DEBUG] [aiosqlite] executing functools.partial(<built-in method fetchall of sqlite3.Cursor object at 0x11e4c66c0>)
2026-02-14 11:57:10,917 [DEBUG] [aiosqlite] operation functools.partial(<built-in method fetchall of sqlite3.Cursor object at 0x11e4c66c0>) completed
2026-02-14 11:57:10,917 [DEBUG] [aiosqlite] executing functools.partial(<built-in method close of sqlite3.Cursor object at 0x11e4c66c0>)
2026-02-14 11:57:10,917 [DEBUG] [aiosqlite] operation functools.partial(<built-in method close of sqlite3.Cursor object at 0x11e4c66c0>) completed
2026-02-14 11:57:10,917 [DEBUG] [aiosqlite] executing functools.partial(<built-in method cursor of sqlite3.Connection object at 0x11e51c5e0>)
2026-02-14 11:57:10,917 [DEBUG] [aiosqlite] operation functools.partial(<built-in method cursor of sqlite3.Connection object at 0x11e51c5e0>) completed
2026-02-14 11:57:10,917 [DEBUG] [aiosqlite] executing functools.partial(<built-in method execute of sqlite3.Cursor object at 0x11e4c69c0>, 'PRAGMA temp.table_info("hotspots")', ())
2026-02-14 11:57:10,917 [DEBUG] [aiosqlite] operation functools.partial(<built-in method execute of sqlite3.Cursor object at 0x11e4c69c0>, 'PRAGMA temp.table_info("hotspots")', ()) completed
2026-02-14 11:57:10,918 [DEBUG] [aiosqlite] executing functools.partial(<built-in method fetchall of sqlite3.Cursor object at 0x11e4c69c0>)
2026-02-14 11:57:10,918 [DEBUG] [aiosqlite] operation functools.partial(<built-in method fetchall of sqlite3.Cursor object at 0x11e4c69c0>) completed
2026-02-14 11:57:10,918 [DEBUG] [aiosqlite] executing functools.partial(<built-in method close of sqlite3.Cursor object at 0x11e4c69c0>)
2026-02-14 11:57:10,918 [DEBUG] [aiosqlite] operation functools.partial(<built-in method close of sqlite3.Cursor object at 0x11e4c69c0>) completed
2026-02-14 11:57:10,918 [DEBUG] [aiosqlite] executing functools.partial(<built-in method cursor of sqlite3.Connection object at 0x11e51c5e0>)
2026-02-14 11:57:10,918 [DEBUG] [aiosqlite] operation functools.partial(<built-in method cursor of sqlite3.Connection object at 0x11e51c5e0>) completed
2026-02-14 11:57:10,918 [DEBUG] [aiosqlite] executing functools.partial(<built-in method execute of sqlite3.Cursor object at 0x11e4c6940>, 'PRAGMA main.table_info("hotspot_events")', ())
2026-02-14 11:57:10,918 [DEBUG] [aiosqlite] operation functools.partial(<built-in method execute of sqlite3.Cursor object at 0x11e4c6940>, 'PRAGMA main.table_info("hotspot_events")', ()) completed
2026-02-14 11:57:10,918 [DEBUG] [aiosqlite] executing functools.partial(<built-in method fetchall of sqlite3.Cursor object at 0x11e4c6940>)
2026-02-14 11:57:10,918 [DEBUG] [aiosqlite] operation functools.partial(<built-in method fetchall of sqlite3.Cursor object at 0x11e4c6940>) completed
2026-02-14 11:57:10,918 [DEBUG] [aiosqlite] executing functools.partial(<built-in method close of sqlite3.Cursor object at 0x11e4c6940>)
2026-02-14 11:57:10,918 [DEBUG] [aiosqlite] operation functools.partial(<built-in method close of sqlite3.Cursor object at 0x11e4c6940>) completed
2026-02-14 11:57:10,918 [DEBUG] [aiosqlite] executing functools.partial(<built-in method cursor of sqlite3.Connection object at 0x11e51c5e0>)
2026-02-14 11:57:10,918 [DEBUG] [aiosqlite] operation functools.partial(<built-in method cursor of sqlite3.Connection object at 0x11e51c5e0>) completed
2026-02-14 11:57:10,918 [DEBUG] [aiosqlite] executing functools.partial(<built-in method execute of sqlite3.Cursor object at 0x11e4c6ac0>, 'PRAGMA temp.table_info("hotspot_events")', ())
2026-02-14 11:57:10,918 [DEBUG] [aiosqlite] operation functools.partial(<built-in method execute of sqlite3.Cursor object at 0x11e4c6ac0>, 'PRAGMA temp.table_info("hotspot_events")', ()) completed
2026-02-14 11:57:10,918 [DEBUG] [aiosqlite] executing functools.partial(<built-in method fetchall of sqlite3.Cursor object at 0x11e4c6ac0>)
2026-02-14 11:57:10,918 [DEBUG] [aiosqlite] operation functools.partial(<built-in method fetchall of sqlite3.Cursor object at 0x11e4c6ac0>) completed
2026-02-14 11:57:10,918 [DEBUG] [aiosqlite] executing functools.partial(<built-in method close of sqlite3.Cursor object at 0x11e4c6ac0>)
2026-02-14 11:57:10,918 [DEBUG] [aiosqlite] operation functools.partial(<built-in method close of sqlite3.Cursor object at 0x11e4c6ac0>) completed
2026-02-14 11:57:10,918 [DEBUG] [aiosqlite] executing functools.partial(<built-in method cursor of sqlite3.Connection object at 0x11e51c5e0>)
2026-02-14 11:57:10,918 [DEBUG] [aiosqlite] operation functools.partial(<built-in method cursor of sqlite3.Connection object at 0x11e51c5e0>) completed
2026-02-14 11:57:10,918 [DEBUG] [aiosqlite] executing functools.partial(<built-in method execute of sqlite3.Cursor object at 0x11e4c6a40>, 'PRAGMA main.table_info("concept_definitions")', ())
2026-02-14 11:57:10,918 [DEBUG] [aiosqlite] operation functools.partial(<built-in method execute of sqlite3.Cursor object at 0x11e4c6a40>, 'PRAGMA main.table_info("concept_definitions")', ()) completed
2026-02-14 11:57:10,918 [DEBUG] [aiosqlite] executing functools.partial(<built-in method fetchall of sqlite3.Cursor object at 0x11e4c6a40>)
2026-02-14 11:57:10,918 [DEBUG] [aiosqlite] operation functools.partial(<built-in method fetchall of sqlite3.Cursor object at 0x11e4c6a40>) completed
2026-02-14 11:57:10,918 [DEBUG] [aiosqlite] executing functools.partial(<built-in method close of sqlite3.Cursor object at 0x11e4c6a40>)
2026-02-14 11:57:10,919 [DEBUG] [aiosqlite] operation functools.partial(<built-in method close of sqlite3.Cursor object at 0x11e4c6a40>) completed
2026-02-14 11:57:10,919 [DEBUG] [aiosqlite] executing functools.partial(<built-in method cursor of sqlite3.Connection object at 0x11e51c5e0>)
2026-02-14 11:57:10,919 [DEBUG] [aiosqlite] operation functools.partial(<built-in method cursor of sqlite3.Connection object at 0x11e51c5e0>) completed
2026-02-14 11:57:10,919 [DEBUG] [aiosqlite] executing functools.partial(<built-in method execute of sqlite3.Cursor object at 0x11e4c6bc0>, 'PRAGMA temp.table_info("concept_definitions")', ())
2026-02-14 11:57:10,919 [DEBUG] [aiosqlite] operation functools.partial(<built-in method execute of sqlite3.Cursor object at 0x11e4c6bc0>, 'PRAGMA temp.table_info("concept_definitions")', ()) completed
2026-02-14 11:57:10,919 [DEBUG] [aiosqlite] executing functools.partial(<built-in method fetchall of sqlite3.Cursor object at 0x11e4c6bc0>)
2026-02-14 11:57:10,919 [DEBUG] [aiosqlite] operation functools.partial(<built-in method fetchall of sqlite3.Cursor object at 0x11e4c6bc0>) completed
2026-02-14 11:57:10,919 [DEBUG] [aiosqlite] executing functools.partial(<built-in method close of sqlite3.Cursor object at 0x11e4c6bc0>)
2026-02-14 11:57:10,919 [DEBUG] [aiosqlite] operation functools.partial(<built-in method close of sqlite3.Cursor object at 0x11e4c6bc0>) completed
2026-02-14 11:57:10,919 [DEBUG] [aiosqlite] executing functools.partial(<built-in method cursor of sqlite3.Connection object at 0x11e51c5e0>)
2026-02-14 11:57:10,919 [DEBUG] [aiosqlite] operation functools.partial(<built-in method cursor of sqlite3.Connection object at 0x11e51c5e0>) completed
2026-02-14 11:57:10,919 [DEBUG] [aiosqlite] executing functools.partial(<built-in method execute of sqlite3.Cursor object at 0x11e4c6b40>, 'PRAGMA main.table_info("health_reports")', ())
2026-02-14 11:57:10,919 [DEBUG] [aiosqlite] operation functools.partial(<built-in method execute of sqlite3.Cursor object at 0x11e4c6b40>, 'PRAGMA main.table_info("health_reports")', ()) completed
2026-02-14 11:57:10,919 [DEBUG] [aiosqlite] executing functools.partial(<built-in method fetchall of sqlite3.Cursor object at 0x11e4c6b40>)
2026-02-14 11:57:10,919 [DEBUG] [aiosqlite] operation functools.partial(<built-in method fetchall of sqlite3.Cursor object at 0x11e4c6b40>) completed
2026-02-14 11:57:10,919 [DEBUG] [aiosqlite] executing functools.partial(<built-in method close of sqlite3.Cursor object at 0x11e4c6b40>)
2026-02-14 11:57:10,919 [DEBUG] [aiosqlite] operation functools.partial(<built-in method close of sqlite3.Cursor object at 0x11e4c6b40>) completed
2026-02-14 11:57:10,919 [DEBUG] [aiosqlite] executing functools.partial(<built-in method cursor of sqlite3.Connection object at 0x11e51c5e0>)
2026-02-14 11:57:10,919 [DEBUG] [aiosqlite] operation functools.partial(<built-in method cursor of sqlite3.Connection object at 0x11e51c5e0>) completed
2026-02-14 11:57:10,919 [DEBUG] [aiosqlite] executing functools.partial(<built-in method execute of sqlite3.Cursor object at 0x11e4c6cc0>, 'PRAGMA temp.table_info("health_reports")', ())
2026-02-14 11:57:10,919 [DEBUG] [aiosqlite] operation functools.partial(<built-in method execute of sqlite3.Cursor object at 0x11e4c6cc0>, 'PRAGMA temp.table_info("health_reports")', ()) completed
2026-02-14 11:57:10,919 [DEBUG] [aiosqlite] executing functools.partial(<built-in method fetchall of sqlite3.Cursor object at 0x11e4c6cc0>)
2026-02-14 11:57:10,919 [DEBUG] [aiosqlite] operation functools.partial(<built-in method fetchall of sqlite3.Cursor object at 0x11e4c6cc0>) completed
2026-02-14 11:57:10,919 [DEBUG] [aiosqlite] executing functools.partial(<built-in method close of sqlite3.Cursor object at 0x11e4c6cc0>)
2026-02-14 11:57:10,919 [DEBUG] [aiosqlite] operation functools.partial(<built-in method close of sqlite3.Cursor object at 0x11e4c6cc0>) completed
2026-02-14 11:57:10,919 [DEBUG] [aiosqlite] executing functools.partial(<built-in method cursor of sqlite3.Connection object at 0x11e51c5e0>)
2026-02-14 11:57:10,919 [DEBUG] [aiosqlite] operation functools.partial(<built-in method cursor of sqlite3.Connection object at 0x11e51c5e0>) completed
2026-02-14 11:57:10,919 [DEBUG] [aiosqlite] executing functools.partial(<built-in method execute of sqlite3.Cursor object at 0x11e4c6c40>, 'PRAGMA main.table_info("strategy_adjustments")', ())
2026-02-14 11:57:10,920 [DEBUG] [aiosqlite] operation functools.partial(<built-in method execute of sqlite3.Cursor object at 0x11e4c6c40>, 'PRAGMA main.table_info("strategy_adjustments")', ()) completed
2026-02-14 11:57:10,920 [DEBUG] [aiosqlite] executing functools.partial(<built-in method fetchall of sqlite3.Cursor object at 0x11e4c6c40>)
2026-02-14 11:57:10,920 [DEBUG] [aiosqlite] operation functools.partial(<built-in method fetchall of sqlite3.Cursor object at 0x11e4c6c40>) completed
2026-02-14 11:57:10,920 [DEBUG] [aiosqlite] executing functools.partial(<built-in method close of sqlite3.Cursor object at 0x11e4c6c40>)
2026-02-14 11:57:10,920 [DEBUG] [aiosqlite] operation functools.partial(<built-in method close of sqlite3.Cursor object at 0x11e4c6c40>) completed
2026-02-14 11:57:10,920 [DEBUG] [aiosqlite] executing functools.partial(<built-in method cursor of sqlite3.Connection object at 0x11e51c5e0>)
2026-02-14 11:57:10,920 [DEBUG] [aiosqlite] operation functools.partial(<built-in method cursor of sqlite3.Connection object at 0x11e51c5e0>) completed
2026-02-14 11:57:10,920 [DEBUG] [aiosqlite] executing functools.partial(<built-in method execute of sqlite3.Cursor object at 0x11e4c6dc0>, 'PRAGMA temp.table_info("strategy_adjustments")', ())
2026-02-14 11:57:10,920 [DEBUG] [aiosqlite] operation functools.partial(<built-in method execute of sqlite3.Cursor object at 0x11e4c6dc0>, 'PRAGMA temp.table_info("strategy_adjustments")', ()) completed
2026-02-14 11:57:10,920 [DEBUG] [aiosqlite] executing functools.partial(<built-in method fetchall of sqlite3.Cursor object at 0x11e4c6dc0>)
2026-02-14 11:57:10,920 [DEBUG] [aiosqlite] operation functools.partial(<built-in method fetchall of sqlite3.Cursor object at 0x11e4c6dc0>) completed
2026-02-14 11:57:10,920 [DEBUG] [aiosqlite] executing functools.partial(<built-in method close of sqlite3.Cursor object at 0x11e4c6dc0>)
2026-02-14 11:57:10,920 [DEBUG] [aiosqlite] operation functools.partial(<built-in method close of sqlite3.Cursor object at 0x11e4c6dc0>) completed
2026-02-14 11:57:10,920 [DEBUG] [aiosqlite] executing functools.partial(<built-in method cursor of sqlite3.Connection object at 0x11e51c5e0>)
2026-02-14 11:57:10,920 [DEBUG] [aiosqlite] operation functools.partial(<built-in method cursor of sqlite3.Connection object at 0x11e51c5e0>) completed
2026-02-14 11:57:10,920 [DEBUG] [aiosqlite] executing functools.partial(<built-in method execute of sqlite3.Cursor object at 0x11e4c6d40>, 'PRAGMA main.table_info("scheduled_tasks")', ())
2026-02-14 11:57:10,920 [DEBUG] [aiosqlite] operation functools.partial(<built-in method execute of sqlite3.Cursor object at 0x11e4c6d40>, 'PRAGMA main.table_info("scheduled_tasks")', ()) completed
2026-02-14 11:57:10,920 [DEBUG] [aiosqlite] executing functools.partial(<built-in method fetchall of sqlite3.Cursor object at 0x11e4c6d40>)
2026-02-14 11:57:10,920 [DEBUG] [aiosqlite] operation functools.partial(<built-in method fetchall of sqlite3.Cursor object at 0x11e4c6d40>) completed
2026-02-14 11:57:10,920 [DEBUG] [aiosqlite] executing functools.partial(<built-in method close of sqlite3.Cursor object at 0x11e4c6d40>)
2026-02-14 11:57:10,920 [DEBUG] [aiosqlite] operation functools.partial(<built-in method close of sqlite3.Cursor object at 0x11e4c6d40>) completed
2026-02-14 11:57:10,920 [DEBUG] [aiosqlite] executing functools.partial(<built-in method cursor of sqlite3.Connection object at 0x11e51c5e0>)
2026-02-14 11:57:10,920 [DEBUG] [aiosqlite] operation functools.partial(<built-in method cursor of sqlite3.Connection object at 0x11e51c5e0>) completed
2026-02-14 11:57:10,920 [DEBUG] [aiosqlite] executing functools.partial(<built-in method execute of sqlite3.Cursor object at 0x11e4c6ec0>, 'PRAGMA temp.table_info("scheduled_tasks")', ())
2026-02-14 11:57:10,920 [DEBUG] [aiosqlite] operation functools.partial(<built-in method execute of sqlite3.Cursor object at 0x11e4c6ec0>, 'PRAGMA temp.table_info("scheduled_tasks")', ()) completed
2026-02-14 11:57:10,920 [DEBUG] [aiosqlite] executing functools.partial(<built-in method fetchall of sqlite3.Cursor object at 0x11e4c6ec0>)
2026-02-14 11:57:10,921 [DEBUG] [aiosqlite] operation functools.partial(<built-in method fetchall of sqlite3.Cursor object at 0x11e4c6ec0>) completed
2026-02-14 11:57:10,921 [DEBUG] [aiosqlite] executing functools.partial(<built-in method close of sqlite3.Cursor object at 0x11e4c6ec0>)
2026-02-14 11:57:10,921 [DEBUG] [aiosqlite] operation functools.partial(<built-in method close of sqlite3.Cursor object at 0x11e4c6ec0>) completed
2026-02-14 11:57:10,921 [DEBUG] [aiosqlite] executing functools.partial(<built-in method cursor of sqlite3.Connection object at 0x11e51c5e0>)
2026-02-14 11:57:10,921 [DEBUG] [aiosqlite] operation functools.partial(<built-in method cursor of sqlite3.Connection object at 0x11e51c5e0>) completed
2026-02-14 11:57:10,921 [DEBUG] [aiosqlite] executing functools.partial(<built-in method execute of sqlite3.Cursor object at 0x11e4c6e40>, 'PRAGMA main.table_info("task_executions")', ())
2026-02-14 11:57:10,921 [DEBUG] [aiosqlite] operation functools.partial(<built-in method execute of sqlite3.Cursor object at 0x11e4c6e40>, 'PRAGMA main.table_info("task_executions")', ()) completed
2026-02-14 11:57:10,921 [DEBUG] [aiosqlite] executing functools.partial(<built-in method fetchall of sqlite3.Cursor object at 0x11e4c6e40>)
2026-02-14 11:57:10,921 [DEBUG] [aiosqlite] operation functools.partial(<built-in method fetchall of sqlite3.Cursor object at 0x11e4c6e40>) completed
2026-02-14 11:57:10,921 [DEBUG] [aiosqlite] executing functools.partial(<built-in method close of sqlite3.Cursor object at 0x11e4c6e40>)
2026-02-14 11:57:10,921 [DEBUG] [aiosqlite] operation functools.partial(<built-in method close of sqlite3.Cursor object at 0x11e4c6e40>) completed
2026-02-14 11:57:10,921 [DEBUG] [aiosqlite] executing functools.partial(<built-in method cursor of sqlite3.Connection object at 0x11e51c5e0>)
2026-02-14 11:57:10,921 [DEBUG] [aiosqlite] operation functools.partial(<built-in method cursor of sqlite3.Connection object at 0x11e51c5e0>) completed
2026-02-14 11:57:10,921 [DEBUG] [aiosqlite] executing functools.partial(<built-in method execute of sqlite3.Cursor object at 0x11e4c6fc0>, 'PRAGMA temp.table_info("task_executions")', ())
2026-02-14 11:57:10,921 [DEBUG] [aiosqlite] operation functools.partial(<built-in method execute of sqlite3.Cursor object at 0x11e4c6fc0>, 'PRAGMA temp.table_info("task_executions")', ()) completed
2026-02-14 11:57:10,921 [DEBUG] [aiosqlite] executing functools.partial(<built-in method fetchall of sqlite3.Cursor object at 0x11e4c6fc0>)
2026-02-14 11:57:10,921 [DEBUG] [aiosqlite] operation functools.partial(<built-in method fetchall of sqlite3.Cursor object at 0x11e4c6fc0>) completed
2026-02-14 11:57:10,921 [DEBUG] [aiosqlite] executing functools.partial(<built-in method close of sqlite3.Cursor object at 0x11e4c6fc0>)
2026-02-14 11:57:10,921 [DEBUG] [aiosqlite] operation functools.partial(<built-in method close of sqlite3.Cursor object at 0x11e4c6fc0>) completed
2026-02-14 11:57:10,921 [DEBUG] [aiosqlite] executing functools.partial(<built-in method cursor of sqlite3.Connection object at 0x11e51c5e0>)
2026-02-14 11:57:10,921 [DEBUG] [aiosqlite] operation functools.partial(<built-in method cursor of sqlite3.Connection object at 0x11e51c5e0>) completed
2026-02-14 11:57:10,921 [DEBUG] [aiosqlite] executing functools.partial(<built-in method execute of sqlite3.Cursor object at 0x11e4c6f40>, 'PRAGMA main.table_info("config_history")', ())
2026-02-14 11:57:10,921 [DEBUG] [aiosqlite] operation functools.partial(<built-in method execute of sqlite3.Cursor object at 0x11e4c6f40>, 'PRAGMA main.table_info("config_history")', ()) completed
2026-02-14 11:57:10,921 [DEBUG] [aiosqlite] executing functools.partial(<built-in method fetchall of sqlite3.Cursor object at 0x11e4c6f40>)
2026-02-14 11:57:10,921 [DEBUG] [aiosqlite] operation functools.partial(<built-in method fetchall of sqlite3.Cursor object at 0x11e4c6f40>) completed
2026-02-14 11:57:10,921 [DEBUG] [aiosqlite] executing functools.partial(<built-in method close of sqlite3.Cursor object at 0x11e4c6f40>)
2026-02-14 11:57:10,922 [DEBUG] [aiosqlite] operation functools.partial(<built-in method close of sqlite3.Cursor object at 0x11e4c6f40>) completed
2026-02-14 11:57:10,922 [DEBUG] [aiosqlite] executing functools.partial(<built-in method cursor of sqlite3.Connection object at 0x11e51c5e0>)
2026-02-14 11:57:10,922 [DEBUG] [aiosqlite] operation functools.partial(<built-in method cursor of sqlite3.Connection object at 0x11e51c5e0>) completed
2026-02-14 11:57:10,922 [DEBUG] [aiosqlite] executing functools.partial(<built-in method execute of sqlite3.Cursor object at 0x11e4c70c0>, 'PRAGMA temp.table_info("config_history")', ())
2026-02-14 11:57:10,922 [DEBUG] [aiosqlite] operation functools.partial(<built-in method execute of sqlite3.Cursor object at 0x11e4c70c0>, 'PRAGMA temp.table_info("config_history")', ()) completed
2026-02-14 11:57:10,922 [DEBUG] [aiosqlite] executing functools.partial(<built-in method fetchall of sqlite3.Cursor object at 0x11e4c70c0>)
2026-02-14 11:57:10,922 [DEBUG] [aiosqlite] operation functools.partial(<built-in method fetchall of sqlite3.Cursor object at 0x11e4c70c0>) completed
2026-02-14 11:57:10,922 [DEBUG] [aiosqlite] executing functools.partial(<built-in method close of sqlite3.Cursor object at 0x11e4c70c0>)
2026-02-14 11:57:10,922 [DEBUG] [aiosqlite] operation functools.partial(<built-in method close of sqlite3.Cursor object at 0x11e4c70c0>) completed
2026-02-14 11:57:10,922 [DEBUG] [aiosqlite] executing functools.partial(<built-in method cursor of sqlite3.Connection object at 0x11e51c5e0>)
2026-02-14 11:57:10,922 [DEBUG] [aiosqlite] operation functools.partial(<built-in method cursor of sqlite3.Connection object at 0x11e51c5e0>) completed
2026-02-14 11:57:10,922 [DEBUG] [aiosqlite] executing functools.partial(<built-in method execute of sqlite3.Cursor object at 0x11e4c7040>, 'PRAGMA main.table_info("prompt_templates")', ())
2026-02-14 11:57:10,922 [DEBUG] [aiosqlite] operation functools.partial(<built-in method execute of sqlite3.Cursor object at 0x11e4c7040>, 'PRAGMA main.table_info("prompt_templates")', ()) completed
2026-02-14 11:57:10,922 [DEBUG] [aiosqlite] executing functools.partial(<built-in method fetchall of sqlite3.Cursor object at 0x11e4c7040>)
2026-02-14 11:57:10,922 [DEBUG] [aiosqlite] operation functools.partial(<built-in method fetchall of sqlite3.Cursor object at 0x11e4c7040>) completed
2026-02-14 11:57:10,922 [DEBUG] [aiosqlite] executing functools.partial(<built-in method close of sqlite3.Cursor object at 0x11e4c7040>)
2026-02-14 11:57:10,922 [DEBUG] [aiosqlite] operation functools.partial(<built-in method close of sqlite3.Cursor object at 0x11e4c7040>) completed
2026-02-14 11:57:10,922 [DEBUG] [aiosqlite] executing functools.partial(<built-in method cursor of sqlite3.Connection object at 0x11e51c5e0>)
2026-02-14 11:57:10,922 [DEBUG] [aiosqlite] operation functools.partial(<built-in method cursor of sqlite3.Connection object at 0x11e51c5e0>) completed
2026-02-14 11:57:10,922 [DEBUG] [aiosqlite] executing functools.partial(<built-in method execute of sqlite3.Cursor object at 0x11e4c71c0>, 'PRAGMA temp.table_info("prompt_templates")', ())
2026-02-14 11:57:10,922 [DEBUG] [aiosqlite] operation functools.partial(<built-in method execute of sqlite3.Cursor object at 0x11e4c71c0>, 'PRAGMA temp.table_info("prompt_templates")', ()) completed
2026-02-14 11:57:10,922 [DEBUG] [aiosqlite] executing functools.partial(<built-in method fetchall of sqlite3.Cursor object at 0x11e4c71c0>)
2026-02-14 11:57:10,922 [DEBUG] [aiosqlite] operation functools.partial(<built-in method fetchall of sqlite3.Cursor object at 0x11e4c71c0>) completed
2026-02-14 11:57:10,923 [DEBUG] [aiosqlite] executing functools.partial(<built-in method close of sqlite3.Cursor object at 0x11e4c71c0>)
2026-02-14 11:57:10,923 [DEBUG] [aiosqlite] operation functools.partial(<built-in method close of sqlite3.Cursor object at 0x11e4c71c0>) completed
2026-02-14 11:57:10,923 [DEBUG] [aiosqlite] executing functools.partial(<built-in method cursor of sqlite3.Connection object at 0x11e51c5e0>)
2026-02-14 11:57:10,923 [DEBUG] [aiosqlite] operation functools.partial(<built-in method cursor of sqlite3.Connection object at 0x11e51c5e0>) completed
2026-02-14 11:57:10,923 [DEBUG] [aiosqlite] executing functools.partial(<built-in method execute of sqlite3.Cursor object at 0x11e4c7140>, 'PRAGMA main.table_info("prompt_versions")', ())
2026-02-14 11:57:10,923 [DEBUG] [aiosqlite] operation functools.partial(<built-in method execute of sqlite3.Cursor object at 0x11e4c7140>, 'PRAGMA main.table_info("prompt_versions")', ()) completed
2026-02-14 11:57:10,923 [DEBUG] [aiosqlite] executing functools.partial(<built-in method fetchall of sqlite3.Cursor object at 0x11e4c7140>)
2026-02-14 11:57:10,923 [DEBUG] [aiosqlite] operation functools.partial(<built-in method fetchall of sqlite3.Cursor object at 0x11e4c7140>) completed
2026-02-14 11:57:10,923 [DEBUG] [aiosqlite] executing functools.partial(<built-in method close of sqlite3.Cursor object at 0x11e4c7140>)
2026-02-14 11:57:10,923 [DEBUG] [aiosqlite] operation functools.partial(<built-in method close of sqlite3.Cursor object at 0x11e4c7140>) completed
2026-02-14 11:57:10,923 [DEBUG] [aiosqlite] executing functools.partial(<built-in method cursor of sqlite3.Connection object at 0x11e51c5e0>)
2026-02-14 11:57:10,923 [DEBUG] [aiosqlite] operation functools.partial(<built-in method cursor of sqlite3.Connection object at 0x11e51c5e0>) completed
2026-02-14 11:57:10,923 [DEBUG] [aiosqlite] executing functools.partial(<built-in method execute of sqlite3.Cursor object at 0x11e4c72c0>, 'PRAGMA temp.table_info("prompt_versions")', ())
2026-02-14 11:57:10,923 [DEBUG] [aiosqlite] operation functools.partial(<built-in method execute of sqlite3.Cursor object at 0x11e4c72c0>, 'PRAGMA temp.table_info("prompt_versions")', ()) completed
2026-02-14 11:57:10,923 [DEBUG] [aiosqlite] executing functools.partial(<built-in method fetchall of sqlite3.Cursor object at 0x11e4c72c0>)
2026-02-14 11:57:10,923 [DEBUG] [aiosqlite] operation functools.partial(<built-in method fetchall of sqlite3.Cursor object at 0x11e4c72c0>) completed
2026-02-14 11:57:10,923 [DEBUG] [aiosqlite] executing functools.partial(<built-in method close of sqlite3.Cursor object at 0x11e4c72c0>)
2026-02-14 11:57:10,923 [DEBUG] [aiosqlite] operation functools.partial(<built-in method close of sqlite3.Cursor object at 0x11e4c72c0>) completed
2026-02-14 11:57:10,923 [DEBUG] [aiosqlite] executing functools.partial(<built-in method cursor of sqlite3.Connection object at 0x11e51c5e0>)
2026-02-14 11:57:10,923 [DEBUG] [aiosqlite] operation functools.partial(<built-in method cursor of sqlite3.Connection object at 0x11e51c5e0>) completed
2026-02-14 11:57:10,923 [DEBUG] [aiosqlite] executing functools.partial(<built-in method execute of sqlite3.Cursor object at 0x11e4c7240>, 'PRAGMA main.table_info("ab_tests")', ())
2026-02-14 11:57:10,923 [DEBUG] [aiosqlite] operation functools.partial(<built-in method execute of sqlite3.Cursor object at 0x11e4c7240>, 'PRAGMA main.table_info("ab_tests")', ()) completed
2026-02-14 11:57:10,924 [DEBUG] [aiosqlite] executing functools.partial(<built-in method fetchall of sqlite3.Cursor object at 0x11e4c7240>)
2026-02-14 11:57:10,924 [DEBUG] [aiosqlite] operation functools.partial(<built-in method fetchall of sqlite3.Cursor object at 0x11e4c7240>) completed
2026-02-14 11:57:10,924 [DEBUG] [aiosqlite] executing functools.partial(<built-in method close of sqlite3.Cursor object at 0x11e4c7240>)
2026-02-14 11:57:10,924 [DEBUG] [aiosqlite] operation functools.partial(<built-in method close of sqlite3.Cursor object at 0x11e4c7240>) completed
2026-02-14 11:57:10,924 [DEBUG] [aiosqlite] executing functools.partial(<built-in method cursor of sqlite3.Connection object at 0x11e51c5e0>)
2026-02-14 11:57:10,924 [DEBUG] [aiosqlite] operation functools.partial(<built-in method cursor of sqlite3.Connection object at 0x11e51c5e0>) completed
2026-02-14 11:57:10,924 [DEBUG] [aiosqlite] executing functools.partial(<built-in method execute of sqlite3.Cursor object at 0x11e4c73c0>, 'PRAGMA temp.table_info("ab_tests")', ())
2026-02-14 11:57:10,924 [DEBUG] [aiosqlite] operation functools.partial(<built-in method execute of sqlite3.Cursor object at 0x11e4c73c0>, 'PRAGMA temp.table_info("ab_tests")', ()) completed
2026-02-14 11:57:10,924 [DEBUG] [aiosqlite] executing functools.partial(<built-in method fetchall of sqlite3.Cursor object at 0x11e4c73c0>)
2026-02-14 11:57:10,924 [DEBUG] [aiosqlite] operation functools.partial(<built-in method fetchall of sqlite3.Cursor object at 0x11e4c73c0>) completed
2026-02-14 11:57:10,924 [DEBUG] [aiosqlite] executing functools.partial(<built-in method close of sqlite3.Cursor object at 0x11e4c73c0>)
2026-02-14 11:57:10,924 [DEBUG] [aiosqlite] operation functools.partial(<built-in method close of sqlite3.Cursor object at 0x11e4c73c0>) completed
2026-02-14 11:57:10,924 [DEBUG] [aiosqlite] executing functools.partial(<built-in method cursor of sqlite3.Connection object at 0x11e51c5e0>)
2026-02-14 11:57:10,924 [DEBUG] [aiosqlite] operation functools.partial(<built-in method cursor of sqlite3.Connection object at 0x11e51c5e0>) completed
2026-02-14 11:57:10,924 [DEBUG] [aiosqlite] executing functools.partial(<built-in method execute of sqlite3.Cursor object at 0x11e4c7340>, 'PRAGMA main.table_info("notifications")', ())
2026-02-14 11:57:10,924 [DEBUG] [aiosqlite] operation functools.partial(<built-in method execute of sqlite3.Cursor object at 0x11e4c7340>, 'PRAGMA main.table_info("notifications")', ()) completed
2026-02-14 11:57:10,924 [DEBUG] [aiosqlite] executing functools.partial(<built-in method fetchall of sqlite3.Cursor object at 0x11e4c7340>)
2026-02-14 11:57:10,924 [DEBUG] [aiosqlite] operation functools.partial(<built-in method fetchall of sqlite3.Cursor object at 0x11e4c7340>) completed
2026-02-14 11:57:10,924 [DEBUG] [aiosqlite] executing functools.partial(<built-in method close of sqlite3.Cursor object at 0x11e4c7340>)
2026-02-14 11:57:10,924 [DEBUG] [aiosqlite] operation functools.partial(<built-in method close of sqlite3.Cursor object at 0x11e4c7340>) completed
2026-02-14 11:57:10,924 [DEBUG] [aiosqlite] executing functools.partial(<built-in method cursor of sqlite3.Connection object at 0x11e51c5e0>)
2026-02-14 11:57:10,924 [DEBUG] [aiosqlite] operation functools.partial(<built-in method cursor of sqlite3.Connection object at 0x11e51c5e0>) completed
2026-02-14 11:57:10,924 [DEBUG] [aiosqlite] executing functools.partial(<built-in method execute of sqlite3.Cursor object at 0x11e4c74c0>, 'PRAGMA temp.table_info("notifications")', ())
2026-02-14 11:57:10,924 [DEBUG] [aiosqlite] operation functools.partial(<built-in method execute of sqlite3.Cursor object at 0x11e4c74c0>, 'PRAGMA temp.table_info("notifications")', ()) completed
2026-02-14 11:57:10,924 [DEBUG] [aiosqlite] executing functools.partial(<built-in method fetchall of sqlite3.Cursor object at 0x11e4c74c0>)
2026-02-14 11:57:10,924 [DEBUG] [aiosqlite] operation functools.partial(<built-in method fetchall of sqlite3.Cursor object at 0x11e4c74c0>) completed
2026-02-14 11:57:10,925 [DEBUG] [aiosqlite] executing functools.partial(<built-in method close of sqlite3.Cursor object at 0x11e4c74c0>)
2026-02-14 11:57:10,925 [DEBUG] [aiosqlite] operation functools.partial(<built-in method close of sqlite3.Cursor object at 0x11e4c74c0>) completed
2026-02-14 11:57:10,925 [DEBUG] [aiosqlite] executing functools.partial(<built-in method cursor of sqlite3.Connection object at 0x11e51c5e0>)
2026-02-14 11:57:10,925 [DEBUG] [aiosqlite] operation functools.partial(<built-in method cursor of sqlite3.Connection object at 0x11e51c5e0>) completed
2026-02-14 11:57:10,925 [DEBUG] [aiosqlite] executing functools.partial(<built-in method execute of sqlite3.Cursor object at 0x11e4c7440>, 'PRAGMA main.table_info("notification_preferences")', ())
2026-02-14 11:57:10,925 [DEBUG] [aiosqlite] operation functools.partial(<built-in method execute of sqlite3.Cursor object at 0x11e4c7440>, 'PRAGMA main.table_info("notification_preferences")', ()) completed
2026-02-14 11:57:10,925 [DEBUG] [aiosqlite] executing functools.partial(<built-in method fetchall of sqlite3.Cursor object at 0x11e4c7440>)
2026-02-14 11:57:10,925 [DEBUG] [aiosqlite] operation functools.partial(<built-in method fetchall of sqlite3.Cursor object at 0x11e4c7440>) completed
2026-02-14 11:57:10,925 [DEBUG] [aiosqlite] executing functools.partial(<built-in method close of sqlite3.Cursor object at 0x11e4c7440>)
2026-02-14 11:57:10,925 [DEBUG] [aiosqlite] operation functools.partial(<built-in method close of sqlite3.Cursor object at 0x11e4c7440>) completed
2026-02-14 11:57:10,925 [DEBUG] [aiosqlite] executing functools.partial(<built-in method cursor of sqlite3.Connection object at 0x11e51c5e0>)
[...]
DEBUG    aiosqlite:core.py:62 executing functools.partial(<built-in method cursor of sqlite3.Connection object at 0x11e51c5e0>)
DEBUG    aiosqlite:core.py:67 operation functools.partial(<built-in method cursor of sqlite3.Connection object at 0x11e51c5e0>) completed
DEBUG    aiosqlite:core.py:62 executing functools.partial(<built-in method execute of sqlite3.Cursor object at 0x11fc08240>, '\nDROP TABLE snapshots', ())
DEBUG    aiosqlite:core.py:67 operation functools.partial(<built-in method execute of sqlite3.Cursor object at 0x11fc08240>, '\nDROP TABLE snapshots', ()) completed
DEBUG    aiosqlite:core.py:62 executing functools.partial(<built-in method close of sqlite3.Cursor object at 0x11fc08240>)
DEBUG    aiosqlite:core.py:67 operation functools.partial(<built-in method close of sqlite3.Cursor object at 0x11fc08240>) completed
DEBUG    aiosqlite:core.py:62 executing functools.partial(<built-in method cursor of sqlite3.Connection object at 0x11e51c5e0>)
DEBUG    aiosqlite:core.py:67 operation functools.partial(<built-in method cursor of sqlite3.Connection object at 0x11e51c5e0>) completed
DEBUG    aiosqlite:core.py:62 executing functools.partial(<built-in method execute of sqlite3.Cursor object at 0x11fc082c0>, '\nDROP TABLE contributions', ())
DEBUG    aiosqlite:core.py:67 operation functools.partial(<built-in method execute of sqlite3.Cursor object at 0x11fc082c0>, '\nDROP TABLE contributions', ()) completed
DEBUG    aiosqlite:core.py:62 executing functools.partial(<built-in method close of sqlite3.Cursor object at 0x11fc082c0>)
DEBUG    aiosqlite:core.py:67 operation functools.partial(<built-in method close of sqlite3.Cursor object at 0x11fc082c0>) completed
DEBUG    aiosqlite:core.py:62 executing functools.partial(<built-in method cursor of sqlite3.Connection object at 0x11e51c5e0>)
DEBUG    aiosqlite:core.py:67 operation functools.partial(<built-in method cursor of sqlite3.Connection object at 0x11e51c5e0>) completed
DEBUG    aiosqlite:core.py:62 executing functools.partial(<built-in method execute of sqlite3.Cursor object at 0x11fc08340>, '\nDROP TABLE synonym_mappings', ())
DEBUG    aiosqlite:core.py:67 operation functools.partial(<built-in method execute of sqlite3.Cursor object at 0x11fc08340>, '\nDROP TABLE synonym_mappings', ()) completed
DEBUG    aiosqlite:core.py:62 executing functools.partial(<built-in method close of sqlite3.Cursor object at 0x11fc08340>)
DEBUG    aiosqlite:core.py:67 operation functools.partial(<built-in method close of sqlite3.Cursor object at 0x11fc08340>) completed
DEBUG    aiosqlite:core.py:62 executing functools.partial(<built-in method cursor of sqlite3.Connection object at 0x11e51c5e0>)
DEBUG    aiosqlite:core.py:67 operation functools.partial(<built-in method cursor of sqlite3.Connection object at 0x11e51c5e0>) completed
DEBUG    aiosqlite:core.py:62 executing functools.partial(<built-in method execute of sqlite3.Cursor object at 0x11fc083c0>, '\nDROP TABLE batch_tasks', ())
DEBUG    aiosqlite:core.py:67 operation functools.partial(<built-in method execute of sqlite3.Cursor object at 0x11fc083c0>, '\nDROP TABLE batch_tasks', ()) completed
DEBUG    aiosqlite:core.py:62 executing functools.partial(<built-in method close of sqlite3.Cursor object at 0x11fc083c0>)
DEBUG    aiosqlite:core.py:67 operation functools.partial(<built-in method close of sqlite3.Cursor object at 0x11fc083c0>) completed
DEBUG    aiosqlite:core.py:62 executing functools.partial(<built-in method cursor of sqlite3.Connection object at 0x11e51c5e0>)
DEBUG    aiosqlite:core.py:67 operation functools.partial(<built-in method cursor of sqlite3.Connection object at 0x11e51c5e0>) completed
DEBUG    aiosqlite:core.py:62 executing functools.partial(<built-in method execute of sqlite3.Cursor object at 0x11fc086c0>, '\nDROP TABLE domain_whitelists', ())
DEBUG    aiosqlite:core.py:67 operation functools.partial(<built-in method execute of sqlite3.Cursor object at 0x11fc086c0>, '\nDROP TABLE domain_whitelists', ()) completed
DEBUG    aiosqlite:core.py:62 executing functools.partial(<built-in method close of sqlite3.Cursor object at 0x11fc086c0>)
DEBUG    aiosqlite:core.py:67 operation functools.partial(<built-in method close of sqlite3.Cursor object at 0x11fc086c0>) completed
DEBUG    aiosqlite:core.py:62 executing functools.partial(<built-in method cursor of sqlite3.Connection object at 0x11e51c5e0>)
DEBUG    aiosqlite:core.py:67 operation functools.partial(<built-in method cursor of sqlite3.Connection object at 0x11e51c5e0>) completed
DEBUG    aiosqlite:core.py:62 executing functools.partial(<built-in method execute of sqlite3.Cursor object at 0x11fc084c0>, '\nDROP TABLE discovered_domains', ())
DEBUG    aiosqlite:core.py:67 operation functools.partial(<built-in method execute of sqlite3.Cursor object at 0x11fc084c0>, '\nDROP TABLE discovered_domains', ()) completed
DEBUG    aiosqlite:core.py:62 executing functools.partial(<built-in method close of sqlite3.Cursor object at 0x11fc084c0>)
DEBUG    aiosqlite:core.py:67 operation functools.partial(<built-in method close of sqlite3.Cursor object at 0x11fc084c0>) completed
DEBUG    aiosqlite:core.py:62 executing functools.partial(<built-in method cursor of sqlite3.Connection object at 0x11e51c5e0>)
DEBUG    aiosqlite:core.py:67 operation functools.partial(<built-in method cursor of sqlite3.Connection object at 0x11e51c5e0>) completed
DEBUG    aiosqlite:core.py:62 executing functools.partial(<built-in method execute of sqlite3.Cursor object at 0x11fc08540>, '\nDROP TABLE hotspots', ())
DEBUG    aiosqlite:core.py:67 operation functools.partial(<built-in method execute of sqlite3.Cursor object at 0x11fc08540>, '\nDROP TABLE hotspots', ()) completed
DEBUG    aiosqlite:core.py:62 executing functools.partial(<built-in method close of sqlite3.Cursor object at 0x11fc08540>)
DEBUG    aiosqlite:core.py:67 operation functools.partial(<built-in method close of sqlite3.Cursor object at 0x11fc08540>) completed
DEBUG    aiosqlite:core.py:62 executing functools.partial(<built-in method cursor of sqlite3.Connection object at 0x11e51c5e0>)
DEBUG    aiosqlite:core.py:67 operation functools.partial(<built-in method cursor of sqlite3.Connection object at 0x11e51c5e0>) completed
DEBUG    aiosqlite:core.py:62 executing functools.partial(<built-in method execute of sqlite3.Cursor object at 0x11fc087c0>, '\nDROP TABLE hotspot_events', ())
DEBUG    aiosqlite:core.py:67 operation functools.partial(<built-in method execute of sqlite3.Cursor object at 0x11fc087c0>, '\nDROP TABLE hotspot_events', ()) completed
DEBUG    aiosqlite:core.py:62 executing functools.partial(<built-in method close of sqlite3.Cursor object at 0x11fc087c0>)
DEBUG    aiosqlite:core.py:67 operation functools.partial(<built-in method close of sqlite3.Cursor object at 0x11fc087c0>) completed
DEBUG    aiosqlite:core.py:62 executing functools.partial(<built-in method cursor of sqlite3.Connection object at 0x11e51c5e0>)
DEBUG    aiosqlite:core.py:67 operation functools.partial(<built-in method cursor of sqlite3.Connection object at 0x11e51c5e0>) completed
DEBUG    aiosqlite:core.py:62 executing functools.partial(<built-in method execute of sqlite3.Cursor object at 0x11fc08440>, '\nDROP TABLE concept_definitions', ())
DEBUG    aiosqlite:core.py:67 operation functools.partial(<built-in method execute of sqlite3.Cursor object at 0x11fc08440>, '\nDROP TABLE concept_definitions', ()) completed
DEBUG    aiosqlite:core.py:62 executing functools.partial(<built-in method close of sqlite3.Cursor object at 0x11fc08440>)
DEBUG    aiosqlite:core.py:67 operation functools.partial(<built-in method close of sqlite3.Cursor object at 0x11fc08440>) completed
DEBUG    aiosqlite:core.py:62 executing functools.partial(<built-in method cursor of sqlite3.Connection object at 0x11e51c5e0>)
DEBUG    aiosqlite:core.py:67 operation functools.partial(<built-in method cursor of sqlite3.Connection object at 0x11e51c5e0>) completed
DEBUG    aiosqlite:core.py:62 executing functools.partial(<built-in method execute of sqlite3.Cursor object at 0x11fc08840>, '\nDROP TABLE health_reports', ())
DEBUG    aiosqlite:core.py:67 operation functools.partial(<built-in method execute of sqlite3.Cursor object at 0x11fc08840>, '\nDROP TABLE health_reports', ()) completed
DEBUG    aiosqlite:core.py:62 executing functools.partial(<built-in method close of sqlite3.Cursor object at 0x11fc08840>)
DEBUG    aiosqlite:core.py:67 operation functools.partial(<built-in method close of sqlite3.Cursor object at 0x11fc08840>) completed
DEBUG    aiosqlite:core.py:62 executing functools.partial(<built-in method cursor of sqlite3.Connection object at 0x11e51c5e0>)
DEBUG    aiosqlite:core.py:67 operation functools.partial(<built-in method cursor of sqlite3.Connection object at 0x11e51c5e0>) completed
DEBUG    aiosqlite:core.py:62 executing functools.partial(<built-in method execute of sqlite3.Cursor object at 0x11fc08740>, '\nDROP TABLE strategy_adjustments', ())
DEBUG    aiosqlite:core.py:67 operation functools.partial(<built-in method execute of sqlite3.Cursor object at 0x11fc08740>, '\nDROP TABLE strategy_adjustments', ()) completed
DEBUG    aiosqlite:core.py:62 executing functools.partial(<built-in method close of sqlite3.Cursor object at 0x11fc08740>)
DEBUG    aiosqlite:core.py:67 operation functools.partial(<built-in method close of sqlite3.Cursor object at 0x11fc08740>) completed
DEBUG    aiosqlite:core.py:62 executing functools.partial(<built-in method cursor of sqlite3.Connection object at 0x11e51c5e0>)
DEBUG    aiosqlite:core.py:67 operation functools.partial(<built-in method cursor of sqlite3.Connection object at 0x11e51c5e0>) completed
DEBUG    aiosqlite:core.py:62 executing functools.partial(<built-in method execute of sqlite3.Cursor object at 0x11fc088c0>, '\nDROP TABLE scheduled_tasks', ())
DEBUG    aiosqlite:core.py:67 operation functools.partial(<built-in method execute of sqlite3.Cursor object at 0x11fc088c0>, '\nDROP TABLE scheduled_tasks', ()) completed
DEBUG    aiosqlite:core.py:62 executing functools.partial(<built-in method close of sqlite3.Cursor object at 0x11fc088c0>)
DEBUG    aiosqlite:core.py:67 operation functools.partial(<built-in method close of sqlite3.Cursor object at 0x11fc088c0>) completed
DEBUG    aiosqlite:core.py:62 executing functools.partial(<built-in method cursor of sqlite3.Connection object at 0x11e51c5e0>)
DEBUG    aiosqlite:core.py:67 operation functools.partial(<built-in method cursor of sqlite3.Connection object at 0x11e51c5e0>) completed
DEBUG    aiosqlite:core.py:62 executing functools.partial(<built-in method execute of sqlite3.Cursor object at 0x11fc089c0>, '\nDROP TABLE task_executions', ())
DEBUG    aiosqlite:core.py:67 operation functools.partial(<built-in method execute of sqlite3.Cursor object at 0x11fc089c0>, '\nDROP TABLE task_executions', ()) completed
DEBUG    aiosqlite:core.py:62 executing functools.partial(<built-in method close of sqlite3.Cursor object at 0x11fc089c0>)
DEBUG    aiosqlite:core.py:67 operation functools.partial(<built-in method close of sqlite3.Cursor object at 0x11fc089c0>) completed
DEBUG    aiosqlite:core.py:62 executing functools.partial(<built-in method cursor of sqlite3.Connection object at 0x11e51c5e0>)
DEBUG    aiosqlite:core.py:67 operation functools.partial(<built-in method cursor of sqlite3.Connection object at 0x11e51c5e0>) completed
DEBUG    aiosqlite:core.py:62 executing functools.partial(<built-in method execute of sqlite3.Cursor object at 0x11fc085c0>, '\nDROP TABLE config_history', ())
DEBUG    aiosqlite:core.py:67 operation functools.partial(<built-in method execute of sqlite3.Cursor object at 0x11fc085c0>, '\nDROP TABLE config_history', ()) completed
DEBUG    aiosqlite:core.py:62 executing functools.partial(<built-in method close of sqlite3.Cursor object at 0x11fc085c0>)
DEBUG    aiosqlite:core.py:67 operation functools.partial(<built-in method close of sqlite3.Cursor object at 0x11fc085c0>) completed
DEBUG    aiosqlite:core.py:62 executing functools.partial(<built-in method cursor of sqlite3.Connection object at 0x11e51c5e0>)
DEBUG    aiosqlite:core.py:67 operation functools.partial(<built-in method cursor of sqlite3.Connection object at 0x11e51c5e0>) completed
DEBUG    aiosqlite:core.py:62 executing functools.partial(<built-in method execute of sqlite3.Cursor object at 0x11fc08a40>, '\nDROP TABLE prompt_templates', ())
DEBUG    aiosqlite:core.py:67 operation functools.partial(<built-in method execute of sqlite3.Cursor object at 0x11fc08a40>, '\nDROP TABLE prompt_templates', ()) completed
DEBUG    aiosqlite:core.py:62 executing functools.partial(<built-in method close of sqlite3.Cursor object at 0x11fc08a40>)
DEBUG    aiosqlite:core.py:67 operation functools.partial(<built-in method close of sqlite3.Cursor object at 0x11fc08a40>) completed
DEBUG    aiosqlite:core.py:62 executing functools.partial(<built-in method cursor of sqlite3.Connection object at 0x11e51c5e0>)
DEBUG    aiosqlite:core.py:67 operation functools.partial(<built-in method cursor of sqlite3.Connection object at 0x11e51c5e0>) completed
DEBUG    aiosqlite:core.py:62 executing functools.partial(<built-in method execute of sqlite3.Cursor object at 0x11fc08940>, '\nDROP TABLE prompt_versions', ())
DEBUG    aiosqlite:core.py:67 operation functools.partial(<built-in method execute of sqlite3.Cursor object at 0x11fc08940>, '\nDROP TABLE prompt_versions', ()) completed
DEBUG    aiosqlite:core.py:62 executing functools.partial(<built-in method close of sqlite3.Cursor object at 0x11fc08940>)
DEBUG    aiosqlite:core.py:67 operation functools.partial(<built-in method close of sqlite3.Cursor object at 0x11fc08940>) completed
DEBUG    aiosqlite:core.py:62 executing functools.partial(<built-in method cursor of sqlite3.Connection object at 0x11e51c5e0>)
DEBUG    aiosqlite:core.py:67 operation functools.partial(<built-in method cursor of sqlite3.Connection object at 0x11e51c5e0>) completed
DEBUG    aiosqlite:core.py:62 executing functools.partial(<built-in method execute of sqlite3.Cursor object at 0x11fc08640>, '\nDROP TABLE ab_tests', ())
DEBUG    aiosqlite:core.py:67 operation functools.partial(<built-in method execute of sqlite3.Cursor object at 0x11fc08640>, '\nDROP TABLE ab_tests', ()) completed
DEBUG    aiosqlite:core.py:62 executing functools.partial(<built-in method close of sqlite3.Cursor object at 0x11fc08640>)
DEBUG    aiosqlite:core.py:67 operation functools.partial(<built-in method close of sqlite3.Cursor object at 0x11fc08640>) completed
DEBUG    aiosqlite:core.py:62 executing functools.partial(<built-in method cursor of sqlite3.Connection object at 0x11e51c5e0>)
DEBUG    aiosqlite:core.py:67 operation functools.partial(<built-in method cursor of sqlite3.Connection object at 0x11e51c5e0>) completed
DEBUG    aiosqlite:core.py:62 executing functools.partial(<built-in method execute of sqlite3.Cursor object at 0x11fc08ac0>, '\nDROP TABLE notifications', ())
DEBUG    aiosqlite:core.py:67 operation functools.partial(<built-in method execute of sqlite3.Cursor object at 0x11fc08ac0>, '\nDROP TABLE notifications', ()) completed
DEBUG    aiosqlite:core.py:62 executing functools.partial(<built-in method close of sqlite3.Cursor object at 0x11fc08ac0>)
DEBUG    aiosqlite:core.py:67 operation functools.partial(<built-in method close of sqlite3.Cursor object at 0x11fc08ac0>) completed
DEBUG    aiosqlite:core.py:62 executing functools.partial(<built-in method cursor of sqlite3.Connection object at 0x11e51c5e0>)
DEBUG    aiosqlite:core.py:67 operation functools.partial(<built-in method cursor of sqlite3.Connection object at 0x11e51c5e0>) completed
DEBUG    aiosqlite:core.py:62 executing functools.partial(<built-in method execute of sqlite3.Cursor object at 0x11fc08b40>, '\nDROP TABLE notification_preferences', ())
DEBUG    aiosqlite:core.py:67 operation functools.partial(<built-in method execute of sqlite3.Cursor object at 0x11fc08b40>, '\nDROP TABLE notification_preferences', ()) completed
DEBUG    aiosqlite:core.py:62 executing functools.partial(<built-in method close of sqlite3.Cursor object at 0x11fc08b40>)
DEBUG    aiosqlite:core.py:67 operation functools.partial(<built-in method close of sqlite3.Cursor object at 0x11fc08b40>) completed
DEBUG    aiosqlite:core.py:62 executing functools.partial(<built-in method cursor of sqlite3.Connection object at 0x11e51c5e0>)
DEBUG    aiosqlite:core.py:67 operation functools.partial(<built-in method cursor of sqlite3.Connection object at 0x11e51c5e0>) completed
DEBUG    aiosqlite:core.py:62 executing functools.partial(<built-in method execute of sqlite3.Cursor object at 0x11fc08bc0>, '\nDROP TABLE api_metrics', ())
DEBUG    aiosqlite:core.py:67 operation functools.partial(<built-in method execute of sqlite3.Cursor object at 0x11fc08bc0>, '\nDROP TABLE api_metrics', ()) completed
DEBUG    aiosqlite:core.py:62 executing functools.partial(<built-in method close of sqlite3.Cursor object at 0x11fc08bc0>)
DEBUG    aiosqlite:core.py:67 operation functools.partial(<built-in method close of sqlite3.Cursor object at 0x11fc08bc0>) completed
DEBUG    aiosqlite:core.py:62 executing functools.partial(<built-in method cursor of sqlite3.Connection object at 0x11e51c5e0>)
DEBUG    aiosqlite:core.py:67 operation functools.partial(<built-in method cursor of sqlite3.Connection object at 0x11e51c5e0>) completed
DEBUG    aiosqlite:core.py:62 executing functools.partial(<built-in method execute of sqlite3.Cursor object at 0x11fc08c40>, '\nDROP TABLE error_records', ())
DEBUG    aiosqlite:core.py:67 operation functools.partial(<built-in method execute of sqlite3.Cursor object at 0x11fc08c40>, '\nDROP TABLE error_records', ()) completed
DEBUG    aiosqlite:core.py:62 executing functools.partial(<built-in method close of sqlite3.Cursor object at 0x11fc08c40>)
DEBUG    aiosqlite:core.py:67 operation functools.partial(<built-in method close of sqlite3.Cursor object at 0x11fc08c40>) completed
DEBUG    aiosqlite:core.py:62 executing functools.partial(<built-in method commit of sqlite3.Connection object at 0x11e51c5e0>)
DEBUG    aiosqlite:core.py:67 operation functools.partial(<built-in method commit of sqlite3.Connection object at 0x11e51c5e0>) completed
DEBUG    aiosqlite:core.py:62 executing functools.partial(<built-in method rollback of sqlite3.Connection object at 0x11e51c5e0>)
DEBUG    aiosqlite:core.py:67 operation functools.partial(<built-in method rollback of sqlite3.Connection object at 0x11e51c5e0>) completed
=============================== warnings summary ===============================
../../../../../../../Library/Frameworks/Python.framework/Versions/3.12/lib/python3.12/site-packages/pydantic/_internal/_config.py:323
../../../../../../../Library/Frameworks/Python.framework/Versions/3.12/lib/python3.12/site-packages/pydantic/_internal/_config.py:323
  /Library/Frameworks/Python.framework/Versions/3.12/lib/python3.12/site-packages/pydantic/_internal/_config.py:323: PydanticDeprecatedSince20: Support for class-based `config` is deprecated, use ConfigDict instead. Deprecated in Pydantic V2.0 to be removed in V3.0. See Pydantic V2 Migration Guide at https://errors.pydantic.dev/2.11/migration/
    warnings.warn(DEPRECATION_MESSAGE, DeprecationWarning)

tests/unit/test_snapshot_service.py::test_rollback_creates_backup
  sys:1: SAWarning: Can't sort tables for DROP; an unresolvable foreign key dependency exists between tables: prompt_templates, prompt_versions; and backend does not support ALTER.  To restore at least a partial sort, apply use_alter=True to ForeignKey and ForeignKeyConstraint objects involved in the cycle to mark these as known cycles that will be ignored.

-- Docs: https://docs.pytest.org/en/stable/how-to/capture-warnings.html
=========================== short test summary info ============================
FAILED tests/unit/test_snapshot_service.py::test_rollback_creates_backup - As...
================= 1 failed, 2 deselected, 3 warnings in 0.20s ==================
